2021-12-13 19:15:14.966 DEBUG 7552 --- [background-preinit] o.h.v.i.e.r.DefaultTraversableResolver   : Cannot find javax.persistence.Persistence on classpath. Assuming non JPA 2 environment. All properties will per default be traversable.
2021-12-13 19:15:15.403 DEBUG 7552 --- [main] o.h.v.i.e.r.DefaultTraversableResolver   : Cannot find javax.persistence.Persistence on classpath. Assuming non JPA 2 environment. All properties will per default be traversable.
2021-12-13 19:15:15.416 DEBUG 7552 --- [main] o.h.v.i.e.r.DefaultTraversableResolver   : Cannot find javax.persistence.Persistence on classpath. Assuming non JPA 2 environment. All properties will per default be traversable.
2021-12-13 19:15:15.460 DEBUG 7552 --- [main] o.h.v.internal.engine.ConfigurationImpl  : Setting custom MessageInterpolator of type org.springframework.validation.beanvalidation.LocaleContextMessageInterpolator
2021-12-13 19:15:15.461 DEBUG 7552 --- [main] o.h.v.internal.engine.ConfigurationImpl  : Setting custom ConstraintValidatorFactory of type org.springframework.validation.beanvalidation.SpringConstraintValidatorFactory
2021-12-13 19:15:15.464 DEBUG 7552 --- [main] o.h.v.internal.engine.ConfigurationImpl  : Setting custom ParameterNameProvider of type com.sun.proxy.$Proxy45
2021-12-13 19:15:15.466 DEBUG 7552 --- [main] o.h.v.internal.xml.ValidationXmlParser   : Trying to load META-INF/validation.xml for XML based Validator configuration.
2021-12-13 19:15:15.468 DEBUG 7552 --- [main] o.h.v.internal.xml.ResourceLoaderHelper  : Trying to load META-INF/validation.xml via user class loader
2021-12-13 19:15:15.469 DEBUG 7552 --- [main] o.h.v.internal.xml.ResourceLoaderHelper  : Trying to load META-INF/validation.xml via TCCL
2021-12-13 19:15:15.470 DEBUG 7552 --- [main] o.h.v.internal.xml.ResourceLoaderHelper  : Trying to load META-INF/validation.xml via Hibernate Validator's class loader
2021-12-13 19:15:15.470 DEBUG 7552 --- [main] o.h.v.internal.xml.ValidationXmlParser   : No META-INF/validation.xml found. Using annotation based configuration only.
2021-12-13 19:15:16.246 DEBUG 7552 --- [main] o.h.v.i.e.r.DefaultTraversableResolver   : Cannot find javax.persistence.Persistence on classpath. Assuming non JPA 2 environment. All properties will per default be traversable.
2021-12-13 19:15:16.255 DEBUG 7552 --- [main] o.h.v.i.e.r.DefaultTraversableResolver   : Cannot find javax.persistence.Persistence on classpath. Assuming non JPA 2 environment. All properties will per default be traversable.
2021-12-13 19:15:16.255 DEBUG 7552 --- [main] o.h.v.internal.engine.ConfigurationImpl  : Setting custom MessageInterpolator of type org.springframework.validation.beanvalidation.LocaleContextMessageInterpolator
2021-12-13 19:15:16.255 DEBUG 7552 --- [main] o.h.v.internal.engine.ConfigurationImpl  : Setting custom ConstraintValidatorFactory of type org.springframework.validation.beanvalidation.SpringConstraintValidatorFactory
2021-12-13 19:15:16.256 DEBUG 7552 --- [main] o.h.v.internal.engine.ConfigurationImpl  : Setting custom ParameterNameProvider of type com.sun.proxy.$Proxy45
2021-12-13 19:15:16.257 DEBUG 7552 --- [main] o.h.v.internal.xml.ValidationXmlParser   : Trying to load META-INF/validation.xml for XML based Validator configuration.
2021-12-13 19:15:16.257 DEBUG 7552 --- [main] o.h.v.internal.xml.ResourceLoaderHelper  : Trying to load META-INF/validation.xml via user class loader
2021-12-13 19:15:16.257 DEBUG 7552 --- [main] o.h.v.internal.xml.ResourceLoaderHelper  : Trying to load META-INF/validation.xml via TCCL
2021-12-13 19:15:16.257 DEBUG 7552 --- [main] o.h.v.internal.xml.ResourceLoaderHelper  : Trying to load META-INF/validation.xml via Hibernate Validator's class loader
2021-12-13 19:15:16.258 DEBUG 7552 --- [main] o.h.v.internal.xml.ValidationXmlParser   : No META-INF/validation.xml found. Using annotation based configuration only.
2021-12-13 20:32:26.175 DEBUG 8284 --- [background-preinit] o.h.v.i.e.r.DefaultTraversableResolver   : Cannot find javax.persistence.Persistence on classpath. Assuming non JPA 2 environment. All properties will per default be traversable.
2021-12-13 20:32:26.684 DEBUG 8284 --- [main] o.h.v.i.e.r.DefaultTraversableResolver   : Cannot find javax.persistence.Persistence on classpath. Assuming non JPA 2 environment. All properties will per default be traversable.
2021-12-13 20:32:26.697 DEBUG 8284 --- [main] o.h.v.i.e.r.DefaultTraversableResolver   : Cannot find javax.persistence.Persistence on classpath. Assuming non JPA 2 environment. All properties will per default be traversable.
2021-12-13 20:32:26.701 DEBUG 8284 --- [main] o.h.v.internal.engine.ConfigurationImpl  : Setting custom MessageInterpolator of type org.springframework.validation.beanvalidation.LocaleContextMessageInterpolator
2021-12-13 20:32:26.702 DEBUG 8284 --- [main] o.h.v.internal.engine.ConfigurationImpl  : Setting custom ConstraintValidatorFactory of type org.springframework.validation.beanvalidation.SpringConstraintValidatorFactory
2021-12-13 20:32:26.703 DEBUG 8284 --- [main] o.h.v.internal.engine.ConfigurationImpl  : Setting custom ParameterNameProvider of type com.sun.proxy.$Proxy45
2021-12-13 20:32:26.705 DEBUG 8284 --- [main] o.h.v.internal.xml.ValidationXmlParser   : Trying to load META-INF/validation.xml for XML based Validator configuration.
2021-12-13 20:32:26.706 DEBUG 8284 --- [main] o.h.v.internal.xml.ResourceLoaderHelper  : Trying to load META-INF/validation.xml via user class loader
2021-12-13 20:32:26.707 DEBUG 8284 --- [main] o.h.v.internal.xml.ResourceLoaderHelper  : Trying to load META-INF/validation.xml via TCCL
2021-12-13 20:32:26.707 DEBUG 8284 --- [main] o.h.v.internal.xml.ResourceLoaderHelper  : Trying to load META-INF/validation.xml via Hibernate Validator's class loader
2021-12-13 20:32:26.708 DEBUG 8284 --- [main] o.h.v.internal.xml.ValidationXmlParser   : No META-INF/validation.xml found. Using annotation based configuration only.
2021-12-13 20:32:27.372 DEBUG 8284 --- [main] o.h.v.i.e.r.DefaultTraversableResolver   : Cannot find javax.persistence.Persistence on classpath. Assuming non JPA 2 environment. All properties will per default be traversable.
2021-12-13 20:32:27.380 DEBUG 8284 --- [main] o.h.v.i.e.r.DefaultTraversableResolver   : Cannot find javax.persistence.Persistence on classpath. Assuming non JPA 2 environment. All properties will per default be traversable.
2021-12-13 20:32:27.381 DEBUG 8284 --- [main] o.h.v.internal.engine.ConfigurationImpl  : Setting custom MessageInterpolator of type org.springframework.validation.beanvalidation.LocaleContextMessageInterpolator
2021-12-13 20:32:27.381 DEBUG 8284 --- [main] o.h.v.internal.engine.ConfigurationImpl  : Setting custom ConstraintValidatorFactory of type org.springframework.validation.beanvalidation.SpringConstraintValidatorFactory
2021-12-13 20:32:27.382 DEBUG 8284 --- [main] o.h.v.internal.engine.ConfigurationImpl  : Setting custom ParameterNameProvider of type com.sun.proxy.$Proxy45
2021-12-13 20:32:27.383 DEBUG 8284 --- [main] o.h.v.internal.xml.ValidationXmlParser   : Trying to load META-INF/validation.xml for XML based Validator configuration.
2021-12-13 20:32:27.383 DEBUG 8284 --- [main] o.h.v.internal.xml.ResourceLoaderHelper  : Trying to load META-INF/validation.xml via user class loader
2021-12-13 20:32:27.383 DEBUG 8284 --- [main] o.h.v.internal.xml.ResourceLoaderHelper  : Trying to load META-INF/validation.xml via TCCL
2021-12-13 20:32:27.383 DEBUG 8284 --- [main] o.h.v.internal.xml.ResourceLoaderHelper  : Trying to load META-INF/validation.xml via Hibernate Validator's class loader
2021-12-13 20:32:27.383 DEBUG 8284 --- [main] o.h.v.internal.xml.ValidationXmlParser   : No META-INF/validation.xml found. Using annotation based configuration only.
2021-12-13 20:46:56.194 DEBUG 12176 --- [background-preinit] o.h.v.i.e.r.DefaultTraversableResolver   : Cannot find javax.persistence.Persistence on classpath. Assuming non JPA 2 environment. All properties will per default be traversable.
2021-12-13 20:46:57.100 DEBUG 12176 --- [main] o.h.v.i.e.r.DefaultTraversableResolver   : Cannot find javax.persistence.Persistence on classpath. Assuming non JPA 2 environment. All properties will per default be traversable.
2021-12-13 20:46:57.117 DEBUG 12176 --- [main] o.h.v.i.e.r.DefaultTraversableResolver   : Cannot find javax.persistence.Persistence on classpath. Assuming non JPA 2 environment. All properties will per default be traversable.
2021-12-13 20:46:57.126 DEBUG 12176 --- [main] o.h.v.internal.engine.ConfigurationImpl  : Setting custom MessageInterpolator of type org.springframework.validation.beanvalidation.LocaleContextMessageInterpolator
2021-12-13 20:46:57.127 DEBUG 12176 --- [main] o.h.v.internal.engine.ConfigurationImpl  : Setting custom ConstraintValidatorFactory of type org.springframework.validation.beanvalidation.SpringConstraintValidatorFactory
2021-12-13 20:46:57.129 DEBUG 12176 --- [main] o.h.v.internal.engine.ConfigurationImpl  : Setting custom ParameterNameProvider of type com.sun.proxy.$Proxy45
2021-12-13 20:46:57.131 DEBUG 12176 --- [main] o.h.v.internal.xml.ValidationXmlParser   : Trying to load META-INF/validation.xml for XML based Validator configuration.
2021-12-13 20:46:57.132 DEBUG 12176 --- [main] o.h.v.internal.xml.ResourceLoaderHelper  : Trying to load META-INF/validation.xml via user class loader
2021-12-13 20:46:57.134 DEBUG 12176 --- [main] o.h.v.internal.xml.ResourceLoaderHelper  : Trying to load META-INF/validation.xml via TCCL
2021-12-13 20:46:57.136 DEBUG 12176 --- [main] o.h.v.internal.xml.ResourceLoaderHelper  : Trying to load META-INF/validation.xml via Hibernate Validator's class loader
2021-12-13 20:46:57.136 DEBUG 12176 --- [main] o.h.v.internal.xml.ValidationXmlParser   : No META-INF/validation.xml found. Using annotation based configuration only.
2021-12-13 20:46:58.434 DEBUG 12176 --- [main] o.h.v.i.e.r.DefaultTraversableResolver   : Cannot find javax.persistence.Persistence on classpath. Assuming non JPA 2 environment. All properties will per default be traversable.
2021-12-13 20:46:58.444 DEBUG 12176 --- [main] o.h.v.i.e.r.DefaultTraversableResolver   : Cannot find javax.persistence.Persistence on classpath. Assuming non JPA 2 environment. All properties will per default be traversable.
2021-12-13 20:46:58.445 DEBUG 12176 --- [main] o.h.v.internal.engine.ConfigurationImpl  : Setting custom MessageInterpolator of type org.springframework.validation.beanvalidation.LocaleContextMessageInterpolator
2021-12-13 20:46:58.445 DEBUG 12176 --- [main] o.h.v.internal.engine.ConfigurationImpl  : Setting custom ConstraintValidatorFactory of type org.springframework.validation.beanvalidation.SpringConstraintValidatorFactory
2021-12-13 20:46:58.446 DEBUG 12176 --- [main] o.h.v.internal.engine.ConfigurationImpl  : Setting custom ParameterNameProvider of type com.sun.proxy.$Proxy45
2021-12-13 20:46:58.446 DEBUG 12176 --- [main] o.h.v.internal.xml.ValidationXmlParser   : Trying to load META-INF/validation.xml for XML based Validator configuration.
2021-12-13 20:46:58.446 DEBUG 12176 --- [main] o.h.v.internal.xml.ResourceLoaderHelper  : Trying to load META-INF/validation.xml via user class loader
2021-12-13 20:46:58.447 DEBUG 12176 --- [main] o.h.v.internal.xml.ResourceLoaderHelper  : Trying to load META-INF/validation.xml via TCCL
2021-12-13 20:46:58.447 DEBUG 12176 --- [main] o.h.v.internal.xml.ResourceLoaderHelper  : Trying to load META-INF/validation.xml via Hibernate Validator's class loader
2021-12-13 20:46:58.447 DEBUG 12176 --- [main] o.h.v.internal.xml.ValidationXmlParser   : No META-INF/validation.xml found. Using annotation based configuration only.
2021-12-13 20:55:06.332 DEBUG 16356 --- [background-preinit] o.h.v.i.e.r.DefaultTraversableResolver   : Cannot find javax.persistence.Persistence on classpath. Assuming non JPA 2 environment. All properties will per default be traversable.
2021-12-13 20:55:06.873 DEBUG 16356 --- [main] o.h.v.i.e.r.DefaultTraversableResolver   : Cannot find javax.persistence.Persistence on classpath. Assuming non JPA 2 environment. All properties will per default be traversable.
2021-12-13 20:55:06.888 DEBUG 16356 --- [main] o.h.v.i.e.r.DefaultTraversableResolver   : Cannot find javax.persistence.Persistence on classpath. Assuming non JPA 2 environment. All properties will per default be traversable.
2021-12-13 20:55:06.894 DEBUG 16356 --- [main] o.h.v.internal.engine.ConfigurationImpl  : Setting custom MessageInterpolator of type org.springframework.validation.beanvalidation.LocaleContextMessageInterpolator
2021-12-13 20:55:06.895 DEBUG 16356 --- [main] o.h.v.internal.engine.ConfigurationImpl  : Setting custom ConstraintValidatorFactory of type org.springframework.validation.beanvalidation.SpringConstraintValidatorFactory
2021-12-13 20:55:06.899 DEBUG 16356 --- [main] o.h.v.internal.engine.ConfigurationImpl  : Setting custom ParameterNameProvider of type com.sun.proxy.$Proxy45
2021-12-13 20:55:06.901 DEBUG 16356 --- [main] o.h.v.internal.xml.ValidationXmlParser   : Trying to load META-INF/validation.xml for XML based Validator configuration.
2021-12-13 20:55:06.903 DEBUG 16356 --- [main] o.h.v.internal.xml.ResourceLoaderHelper  : Trying to load META-INF/validation.xml via user class loader
2021-12-13 20:55:06.905 DEBUG 16356 --- [main] o.h.v.internal.xml.ResourceLoaderHelper  : Trying to load META-INF/validation.xml via TCCL
2021-12-13 20:55:06.906 DEBUG 16356 --- [main] o.h.v.internal.xml.ResourceLoaderHelper  : Trying to load META-INF/validation.xml via Hibernate Validator's class loader
2021-12-13 20:55:06.906 DEBUG 16356 --- [main] o.h.v.internal.xml.ValidationXmlParser   : No META-INF/validation.xml found. Using annotation based configuration only.
2021-12-13 20:55:07.776 DEBUG 16356 --- [main] o.h.v.i.e.r.DefaultTraversableResolver   : Cannot find javax.persistence.Persistence on classpath. Assuming non JPA 2 environment. All properties will per default be traversable.
2021-12-13 20:55:07.785 DEBUG 16356 --- [main] o.h.v.i.e.r.DefaultTraversableResolver   : Cannot find javax.persistence.Persistence on classpath. Assuming non JPA 2 environment. All properties will per default be traversable.
2021-12-13 20:55:07.785 DEBUG 16356 --- [main] o.h.v.internal.engine.ConfigurationImpl  : Setting custom MessageInterpolator of type org.springframework.validation.beanvalidation.LocaleContextMessageInterpolator
2021-12-13 20:55:07.786 DEBUG 16356 --- [main] o.h.v.internal.engine.ConfigurationImpl  : Setting custom ConstraintValidatorFactory of type org.springframework.validation.beanvalidation.SpringConstraintValidatorFactory
2021-12-13 20:55:07.786 DEBUG 16356 --- [main] o.h.v.internal.engine.ConfigurationImpl  : Setting custom ParameterNameProvider of type com.sun.proxy.$Proxy45
2021-12-13 20:55:07.787 DEBUG 16356 --- [main] o.h.v.internal.xml.ValidationXmlParser   : Trying to load META-INF/validation.xml for XML based Validator configuration.
2021-12-13 20:55:07.787 DEBUG 16356 --- [main] o.h.v.internal.xml.ResourceLoaderHelper  : Trying to load META-INF/validation.xml via user class loader
2021-12-13 20:55:07.787 DEBUG 16356 --- [main] o.h.v.internal.xml.ResourceLoaderHelper  : Trying to load META-INF/validation.xml via TCCL
2021-12-13 20:55:07.787 DEBUG 16356 --- [main] o.h.v.internal.xml.ResourceLoaderHelper  : Trying to load META-INF/validation.xml via Hibernate Validator's class loader
2021-12-13 20:55:07.787 DEBUG 16356 --- [main] o.h.v.internal.xml.ValidationXmlParser   : No META-INF/validation.xml found. Using annotation based configuration only.
2021-12-13 20:59:04.991 DEBUG 14620 --- [background-preinit] o.h.v.i.e.r.DefaultTraversableResolver   : Cannot find javax.persistence.Persistence on classpath. Assuming non JPA 2 environment. All properties will per default be traversable.
2021-12-13 20:59:05.509 DEBUG 14620 --- [main] o.h.v.i.e.r.DefaultTraversableResolver   : Cannot find javax.persistence.Persistence on classpath. Assuming non JPA 2 environment. All properties will per default be traversable.
2021-12-13 20:59:05.520 DEBUG 14620 --- [main] o.h.v.i.e.r.DefaultTraversableResolver   : Cannot find javax.persistence.Persistence on classpath. Assuming non JPA 2 environment. All properties will per default be traversable.
2021-12-13 20:59:05.524 DEBUG 14620 --- [main] o.h.v.internal.engine.ConfigurationImpl  : Setting custom MessageInterpolator of type org.springframework.validation.beanvalidation.LocaleContextMessageInterpolator
2021-12-13 20:59:05.526 DEBUG 14620 --- [main] o.h.v.internal.engine.ConfigurationImpl  : Setting custom ConstraintValidatorFactory of type org.springframework.validation.beanvalidation.SpringConstraintValidatorFactory
2021-12-13 20:59:05.527 DEBUG 14620 --- [main] o.h.v.internal.engine.ConfigurationImpl  : Setting custom ParameterNameProvider of type com.sun.proxy.$Proxy45
2021-12-13 20:59:05.529 DEBUG 14620 --- [main] o.h.v.internal.xml.ValidationXmlParser   : Trying to load META-INF/validation.xml for XML based Validator configuration.
2021-12-13 20:59:05.531 DEBUG 14620 --- [main] o.h.v.internal.xml.ResourceLoaderHelper  : Trying to load META-INF/validation.xml via user class loader
2021-12-13 20:59:05.532 DEBUG 14620 --- [main] o.h.v.internal.xml.ResourceLoaderHelper  : Trying to load META-INF/validation.xml via TCCL
2021-12-13 20:59:05.532 DEBUG 14620 --- [main] o.h.v.internal.xml.ResourceLoaderHelper  : Trying to load META-INF/validation.xml via Hibernate Validator's class loader
2021-12-13 20:59:05.533 DEBUG 14620 --- [main] o.h.v.internal.xml.ValidationXmlParser   : No META-INF/validation.xml found. Using annotation based configuration only.
2021-12-13 20:59:06.672 DEBUG 14620 --- [main] o.h.v.i.e.r.DefaultTraversableResolver   : Cannot find javax.persistence.Persistence on classpath. Assuming non JPA 2 environment. All properties will per default be traversable.
2021-12-13 20:59:06.678 DEBUG 14620 --- [main] o.h.v.i.e.r.DefaultTraversableResolver   : Cannot find javax.persistence.Persistence on classpath. Assuming non JPA 2 environment. All properties will per default be traversable.
2021-12-13 20:59:06.678 DEBUG 14620 --- [main] o.h.v.internal.engine.ConfigurationImpl  : Setting custom MessageInterpolator of type org.springframework.validation.beanvalidation.LocaleContextMessageInterpolator
2021-12-13 20:59:06.678 DEBUG 14620 --- [main] o.h.v.internal.engine.ConfigurationImpl  : Setting custom ConstraintValidatorFactory of type org.springframework.validation.beanvalidation.SpringConstraintValidatorFactory
2021-12-13 20:59:06.679 DEBUG 14620 --- [main] o.h.v.internal.engine.ConfigurationImpl  : Setting custom ParameterNameProvider of type com.sun.proxy.$Proxy45
2021-12-13 20:59:06.679 DEBUG 14620 --- [main] o.h.v.internal.xml.ValidationXmlParser   : Trying to load META-INF/validation.xml for XML based Validator configuration.
2021-12-13 20:59:06.679 DEBUG 14620 --- [main] o.h.v.internal.xml.ResourceLoaderHelper  : Trying to load META-INF/validation.xml via user class loader
2021-12-13 20:59:06.680 DEBUG 14620 --- [main] o.h.v.internal.xml.ResourceLoaderHelper  : Trying to load META-INF/validation.xml via TCCL
2021-12-13 20:59:06.680 DEBUG 14620 --- [main] o.h.v.internal.xml.ResourceLoaderHelper  : Trying to load META-INF/validation.xml via Hibernate Validator's class loader
2021-12-13 20:59:06.680 DEBUG 14620 --- [main] o.h.v.internal.xml.ValidationXmlParser   : No META-INF/validation.xml found. Using annotation based configuration only.
2021-12-13 20:59:07.525 ERROR 14620 --- [main] o.a.coyote.http11.Http11NioProtocol      : Failed to start end point associated with ProtocolHandler ["http-nio-8080"]

java.net.BindException: Address already in use: bind
	at java.base/sun.nio.ch.Net.bind0(Native Method) ~[na:na]
	at java.base/sun.nio.ch.Net.bind(Net.java:550) ~[na:na]
	at java.base/sun.nio.ch.ServerSocketChannelImpl.bind(ServerSocketChannelImpl.java:249) ~[na:na]
	at java.base/sun.nio.ch.ServerSocketAdaptor.bind(ServerSocketAdaptor.java:88) ~[na:na]
	at org.apache.tomcat.util.net.NioEndpoint.bind(NioEndpoint.java:210) ~[tomcat-embed-core-8.5.23.jar:8.5.23]
	at org.apache.tomcat.util.net.AbstractEndpoint.start(AbstractEndpoint.java:990) ~[tomcat-embed-core-8.5.23.jar:8.5.23]
	at org.apache.coyote.AbstractProtocol.start(AbstractProtocol.java:635) ~[tomcat-embed-core-8.5.23.jar:8.5.23]
	at org.apache.catalina.connector.Connector.startInternal(Connector.java:1022) ~[tomcat-embed-core-8.5.23.jar:8.5.23]
	at org.apache.catalina.util.LifecycleBase.start(LifecycleBase.java:150) ~[tomcat-embed-core-8.5.23.jar:8.5.23]
	at org.apache.catalina.core.StandardService.addConnector(StandardService.java:225) ~[tomcat-embed-core-8.5.23.jar:8.5.23]
	at org.springframework.boot.context.embedded.tomcat.TomcatEmbeddedServletContainer.addPreviouslyRemovedConnectors(TomcatEmbeddedServletContainer.java:250) ~[spring-boot-1.5.9.RELEASE.jar:1.5.9.RELEASE]
	at org.springframework.boot.context.embedded.tomcat.TomcatEmbeddedServletContainer.start(TomcatEmbeddedServletContainer.java:193) ~[spring-boot-1.5.9.RELEASE.jar:1.5.9.RELEASE]
	at org.springframework.boot.context.embedded.EmbeddedWebApplicationContext.startEmbeddedServletContainer(EmbeddedWebApplicationContext.java:297) ~[spring-boot-1.5.9.RELEASE.jar:1.5.9.RELEASE]
	at org.springframework.boot.context.embedded.EmbeddedWebApplicationContext.finishRefresh(EmbeddedWebApplicationContext.java:145) ~[spring-boot-1.5.9.RELEASE.jar:1.5.9.RELEASE]
	at org.springframework.context.support.AbstractApplicationContext.refresh(AbstractApplicationContext.java:546) ~[spring-context-4.3.13.RELEASE.jar:4.3.13.RELEASE]
	at org.springframework.boot.context.embedded.EmbeddedWebApplicationContext.refresh(EmbeddedWebApplicationContext.java:122) ~[spring-boot-1.5.9.RELEASE.jar:1.5.9.RELEASE]
	at org.springframework.boot.SpringApplication.refresh(SpringApplication.java:693) ~[spring-boot-1.5.9.RELEASE.jar:1.5.9.RELEASE]
	at org.springframework.boot.SpringApplication.refreshContext(SpringApplication.java:360) ~[spring-boot-1.5.9.RELEASE.jar:1.5.9.RELEASE]
	at org.springframework.boot.SpringApplication.run(SpringApplication.java:303) ~[spring-boot-1.5.9.RELEASE.jar:1.5.9.RELEASE]
	at org.springframework.boot.SpringApplication.run(SpringApplication.java:1118) ~[spring-boot-1.5.9.RELEASE.jar:1.5.9.RELEASE]
	at org.springframework.boot.SpringApplication.run(SpringApplication.java:1107) ~[spring-boot-1.5.9.RELEASE.jar:1.5.9.RELEASE]
	at com.fizzbuzz.RestFizzbuzzSampleApplication.main(RestFizzbuzzSampleApplication.java:12) ~[classes/:na]

2021-12-13 20:59:07.528 ERROR 14620 --- [main] o.apache.catalina.core.StandardService   : Failed to start connector [Connector[HTTP/1.1-8080]]

org.apache.catalina.LifecycleException: Failed to start component [Connector[HTTP/1.1-8080]]
	at org.apache.catalina.util.LifecycleBase.start(LifecycleBase.java:167) ~[tomcat-embed-core-8.5.23.jar:8.5.23]
	at org.apache.catalina.core.StandardService.addConnector(StandardService.java:225) ~[tomcat-embed-core-8.5.23.jar:8.5.23]
	at org.springframework.boot.context.embedded.tomcat.TomcatEmbeddedServletContainer.addPreviouslyRemovedConnectors(TomcatEmbeddedServletContainer.java:250) ~[spring-boot-1.5.9.RELEASE.jar:1.5.9.RELEASE]
	at org.springframework.boot.context.embedded.tomcat.TomcatEmbeddedServletContainer.start(TomcatEmbeddedServletContainer.java:193) ~[spring-boot-1.5.9.RELEASE.jar:1.5.9.RELEASE]
	at org.springframework.boot.context.embedded.EmbeddedWebApplicationContext.startEmbeddedServletContainer(EmbeddedWebApplicationContext.java:297) ~[spring-boot-1.5.9.RELEASE.jar:1.5.9.RELEASE]
	at org.springframework.boot.context.embedded.EmbeddedWebApplicationContext.finishRefresh(EmbeddedWebApplicationContext.java:145) ~[spring-boot-1.5.9.RELEASE.jar:1.5.9.RELEASE]
	at org.springframework.context.support.AbstractApplicationContext.refresh(AbstractApplicationContext.java:546) ~[spring-context-4.3.13.RELEASE.jar:4.3.13.RELEASE]
	at org.springframework.boot.context.embedded.EmbeddedWebApplicationContext.refresh(EmbeddedWebApplicationContext.java:122) ~[spring-boot-1.5.9.RELEASE.jar:1.5.9.RELEASE]
	at org.springframework.boot.SpringApplication.refresh(SpringApplication.java:693) ~[spring-boot-1.5.9.RELEASE.jar:1.5.9.RELEASE]
	at org.springframework.boot.SpringApplication.refreshContext(SpringApplication.java:360) ~[spring-boot-1.5.9.RELEASE.jar:1.5.9.RELEASE]
	at org.springframework.boot.SpringApplication.run(SpringApplication.java:303) ~[spring-boot-1.5.9.RELEASE.jar:1.5.9.RELEASE]
	at org.springframework.boot.SpringApplication.run(SpringApplication.java:1118) ~[spring-boot-1.5.9.RELEASE.jar:1.5.9.RELEASE]
	at org.springframework.boot.SpringApplication.run(SpringApplication.java:1107) ~[spring-boot-1.5.9.RELEASE.jar:1.5.9.RELEASE]
	at com.fizzbuzz.RestFizzbuzzSampleApplication.main(RestFizzbuzzSampleApplication.java:12) ~[classes/:na]
Caused by: org.apache.catalina.LifecycleException: service.getName(): "Tomcat";  Protocol handler start failed
	at org.apache.catalina.connector.Connector.startInternal(Connector.java:1031) ~[tomcat-embed-core-8.5.23.jar:8.5.23]
	at org.apache.catalina.util.LifecycleBase.start(LifecycleBase.java:150) ~[tomcat-embed-core-8.5.23.jar:8.5.23]
	... 13 common frames omitted
Caused by: java.net.BindException: Address already in use: bind
	at java.base/sun.nio.ch.Net.bind0(Native Method) ~[na:na]
	at java.base/sun.nio.ch.Net.bind(Net.java:550) ~[na:na]
	at java.base/sun.nio.ch.ServerSocketChannelImpl.bind(ServerSocketChannelImpl.java:249) ~[na:na]
	at java.base/sun.nio.ch.ServerSocketAdaptor.bind(ServerSocketAdaptor.java:88) ~[na:na]
	at org.apache.tomcat.util.net.NioEndpoint.bind(NioEndpoint.java:210) ~[tomcat-embed-core-8.5.23.jar:8.5.23]
	at org.apache.tomcat.util.net.AbstractEndpoint.start(AbstractEndpoint.java:990) ~[tomcat-embed-core-8.5.23.jar:8.5.23]
	at org.apache.coyote.AbstractProtocol.start(AbstractProtocol.java:635) ~[tomcat-embed-core-8.5.23.jar:8.5.23]
	at org.apache.catalina.connector.Connector.startInternal(Connector.java:1022) ~[tomcat-embed-core-8.5.23.jar:8.5.23]
	... 14 common frames omitted

2021-12-13 20:59:07.615 ERROR 14620 --- [main] o.s.b.d.LoggingFailureAnalysisReporter   : 

***************************
APPLICATION FAILED TO START
***************************

Description:

The Tomcat connector configured to listen on port 8080 failed to start. The port may already be in use or the connector may be misconfigured.

Action:

Verify the connector's configuration, identify and stop any process that's listening on port 8080, or configure this application to listen on another port.

2021-12-13 20:59:18.186 DEBUG 9260 --- [background-preinit] o.h.v.i.e.r.DefaultTraversableResolver   : Cannot find javax.persistence.Persistence on classpath. Assuming non JPA 2 environment. All properties will per default be traversable.
2021-12-13 20:59:18.634 DEBUG 9260 --- [main] o.h.v.i.e.r.DefaultTraversableResolver   : Cannot find javax.persistence.Persistence on classpath. Assuming non JPA 2 environment. All properties will per default be traversable.
2021-12-13 20:59:18.644 DEBUG 9260 --- [main] o.h.v.i.e.r.DefaultTraversableResolver   : Cannot find javax.persistence.Persistence on classpath. Assuming non JPA 2 environment. All properties will per default be traversable.
2021-12-13 20:59:18.647 DEBUG 9260 --- [main] o.h.v.internal.engine.ConfigurationImpl  : Setting custom MessageInterpolator of type org.springframework.validation.beanvalidation.LocaleContextMessageInterpolator
2021-12-13 20:59:18.648 DEBUG 9260 --- [main] o.h.v.internal.engine.ConfigurationImpl  : Setting custom ConstraintValidatorFactory of type org.springframework.validation.beanvalidation.SpringConstraintValidatorFactory
2021-12-13 20:59:18.649 DEBUG 9260 --- [main] o.h.v.internal.engine.ConfigurationImpl  : Setting custom ParameterNameProvider of type com.sun.proxy.$Proxy45
2021-12-13 20:59:18.651 DEBUG 9260 --- [main] o.h.v.internal.xml.ValidationXmlParser   : Trying to load META-INF/validation.xml for XML based Validator configuration.
2021-12-13 20:59:18.652 DEBUG 9260 --- [main] o.h.v.internal.xml.ResourceLoaderHelper  : Trying to load META-INF/validation.xml via user class loader
2021-12-13 20:59:18.653 DEBUG 9260 --- [main] o.h.v.internal.xml.ResourceLoaderHelper  : Trying to load META-INF/validation.xml via TCCL
2021-12-13 20:59:18.653 DEBUG 9260 --- [main] o.h.v.internal.xml.ResourceLoaderHelper  : Trying to load META-INF/validation.xml via Hibernate Validator's class loader
2021-12-13 20:59:18.654 DEBUG 9260 --- [main] o.h.v.internal.xml.ValidationXmlParser   : No META-INF/validation.xml found. Using annotation based configuration only.
2021-12-13 20:59:19.474 DEBUG 9260 --- [main] o.h.v.i.e.r.DefaultTraversableResolver   : Cannot find javax.persistence.Persistence on classpath. Assuming non JPA 2 environment. All properties will per default be traversable.
2021-12-13 20:59:19.481 DEBUG 9260 --- [main] o.h.v.i.e.r.DefaultTraversableResolver   : Cannot find javax.persistence.Persistence on classpath. Assuming non JPA 2 environment. All properties will per default be traversable.
2021-12-13 20:59:19.481 DEBUG 9260 --- [main] o.h.v.internal.engine.ConfigurationImpl  : Setting custom MessageInterpolator of type org.springframework.validation.beanvalidation.LocaleContextMessageInterpolator
2021-12-13 20:59:19.481 DEBUG 9260 --- [main] o.h.v.internal.engine.ConfigurationImpl  : Setting custom ConstraintValidatorFactory of type org.springframework.validation.beanvalidation.SpringConstraintValidatorFactory
2021-12-13 20:59:19.482 DEBUG 9260 --- [main] o.h.v.internal.engine.ConfigurationImpl  : Setting custom ParameterNameProvider of type com.sun.proxy.$Proxy45
2021-12-13 20:59:19.482 DEBUG 9260 --- [main] o.h.v.internal.xml.ValidationXmlParser   : Trying to load META-INF/validation.xml for XML based Validator configuration.
2021-12-13 20:59:19.483 DEBUG 9260 --- [main] o.h.v.internal.xml.ResourceLoaderHelper  : Trying to load META-INF/validation.xml via user class loader
2021-12-13 20:59:19.483 DEBUG 9260 --- [main] o.h.v.internal.xml.ResourceLoaderHelper  : Trying to load META-INF/validation.xml via TCCL
2021-12-13 20:59:19.483 DEBUG 9260 --- [main] o.h.v.internal.xml.ResourceLoaderHelper  : Trying to load META-INF/validation.xml via Hibernate Validator's class loader
2021-12-13 20:59:19.483 DEBUG 9260 --- [main] o.h.v.internal.xml.ValidationXmlParser   : No META-INF/validation.xml found. Using annotation based configuration only.
2021-12-13 20:59:19.926 ERROR 9260 --- [main] o.a.coyote.http11.Http11NioProtocol      : Failed to start end point associated with ProtocolHandler ["http-nio-8080"]

java.net.BindException: Address already in use: bind
	at java.base/sun.nio.ch.Net.bind0(Native Method) ~[na:na]
	at java.base/sun.nio.ch.Net.bind(Net.java:550) ~[na:na]
	at java.base/sun.nio.ch.ServerSocketChannelImpl.bind(ServerSocketChannelImpl.java:249) ~[na:na]
	at java.base/sun.nio.ch.ServerSocketAdaptor.bind(ServerSocketAdaptor.java:88) ~[na:na]
	at org.apache.tomcat.util.net.NioEndpoint.bind(NioEndpoint.java:210) ~[tomcat-embed-core-8.5.23.jar:8.5.23]
	at org.apache.tomcat.util.net.AbstractEndpoint.start(AbstractEndpoint.java:990) ~[tomcat-embed-core-8.5.23.jar:8.5.23]
	at org.apache.coyote.AbstractProtocol.start(AbstractProtocol.java:635) ~[tomcat-embed-core-8.5.23.jar:8.5.23]
	at org.apache.catalina.connector.Connector.startInternal(Connector.java:1022) ~[tomcat-embed-core-8.5.23.jar:8.5.23]
	at org.apache.catalina.util.LifecycleBase.start(LifecycleBase.java:150) ~[tomcat-embed-core-8.5.23.jar:8.5.23]
	at org.apache.catalina.core.StandardService.addConnector(StandardService.java:225) ~[tomcat-embed-core-8.5.23.jar:8.5.23]
	at org.springframework.boot.context.embedded.tomcat.TomcatEmbeddedServletContainer.addPreviouslyRemovedConnectors(TomcatEmbeddedServletContainer.java:250) ~[spring-boot-1.5.9.RELEASE.jar:1.5.9.RELEASE]
	at org.springframework.boot.context.embedded.tomcat.TomcatEmbeddedServletContainer.start(TomcatEmbeddedServletContainer.java:193) ~[spring-boot-1.5.9.RELEASE.jar:1.5.9.RELEASE]
	at org.springframework.boot.context.embedded.EmbeddedWebApplicationContext.startEmbeddedServletContainer(EmbeddedWebApplicationContext.java:297) ~[spring-boot-1.5.9.RELEASE.jar:1.5.9.RELEASE]
	at org.springframework.boot.context.embedded.EmbeddedWebApplicationContext.finishRefresh(EmbeddedWebApplicationContext.java:145) ~[spring-boot-1.5.9.RELEASE.jar:1.5.9.RELEASE]
	at org.springframework.context.support.AbstractApplicationContext.refresh(AbstractApplicationContext.java:546) ~[spring-context-4.3.13.RELEASE.jar:4.3.13.RELEASE]
	at org.springframework.boot.context.embedded.EmbeddedWebApplicationContext.refresh(EmbeddedWebApplicationContext.java:122) ~[spring-boot-1.5.9.RELEASE.jar:1.5.9.RELEASE]
	at org.springframework.boot.SpringApplication.refresh(SpringApplication.java:693) ~[spring-boot-1.5.9.RELEASE.jar:1.5.9.RELEASE]
	at org.springframework.boot.SpringApplication.refreshContext(SpringApplication.java:360) ~[spring-boot-1.5.9.RELEASE.jar:1.5.9.RELEASE]
	at org.springframework.boot.SpringApplication.run(SpringApplication.java:303) ~[spring-boot-1.5.9.RELEASE.jar:1.5.9.RELEASE]
	at org.springframework.boot.SpringApplication.run(SpringApplication.java:1118) ~[spring-boot-1.5.9.RELEASE.jar:1.5.9.RELEASE]
	at org.springframework.boot.SpringApplication.run(SpringApplication.java:1107) ~[spring-boot-1.5.9.RELEASE.jar:1.5.9.RELEASE]
	at com.fizzbuzz.RestFizzbuzzSampleApplication.main(RestFizzbuzzSampleApplication.java:12) ~[classes/:na]

2021-12-13 20:59:19.928 ERROR 9260 --- [main] o.apache.catalina.core.StandardService   : Failed to start connector [Connector[HTTP/1.1-8080]]

org.apache.catalina.LifecycleException: Failed to start component [Connector[HTTP/1.1-8080]]
	at org.apache.catalina.util.LifecycleBase.start(LifecycleBase.java:167) ~[tomcat-embed-core-8.5.23.jar:8.5.23]
	at org.apache.catalina.core.StandardService.addConnector(StandardService.java:225) ~[tomcat-embed-core-8.5.23.jar:8.5.23]
	at org.springframework.boot.context.embedded.tomcat.TomcatEmbeddedServletContainer.addPreviouslyRemovedConnectors(TomcatEmbeddedServletContainer.java:250) ~[spring-boot-1.5.9.RELEASE.jar:1.5.9.RELEASE]
	at org.springframework.boot.context.embedded.tomcat.TomcatEmbeddedServletContainer.start(TomcatEmbeddedServletContainer.java:193) ~[spring-boot-1.5.9.RELEASE.jar:1.5.9.RELEASE]
	at org.springframework.boot.context.embedded.EmbeddedWebApplicationContext.startEmbeddedServletContainer(EmbeddedWebApplicationContext.java:297) ~[spring-boot-1.5.9.RELEASE.jar:1.5.9.RELEASE]
	at org.springframework.boot.context.embedded.EmbeddedWebApplicationContext.finishRefresh(EmbeddedWebApplicationContext.java:145) ~[spring-boot-1.5.9.RELEASE.jar:1.5.9.RELEASE]
	at org.springframework.context.support.AbstractApplicationContext.refresh(AbstractApplicationContext.java:546) ~[spring-context-4.3.13.RELEASE.jar:4.3.13.RELEASE]
	at org.springframework.boot.context.embedded.EmbeddedWebApplicationContext.refresh(EmbeddedWebApplicationContext.java:122) ~[spring-boot-1.5.9.RELEASE.jar:1.5.9.RELEASE]
	at org.springframework.boot.SpringApplication.refresh(SpringApplication.java:693) ~[spring-boot-1.5.9.RELEASE.jar:1.5.9.RELEASE]
	at org.springframework.boot.SpringApplication.refreshContext(SpringApplication.java:360) ~[spring-boot-1.5.9.RELEASE.jar:1.5.9.RELEASE]
	at org.springframework.boot.SpringApplication.run(SpringApplication.java:303) ~[spring-boot-1.5.9.RELEASE.jar:1.5.9.RELEASE]
	at org.springframework.boot.SpringApplication.run(SpringApplication.java:1118) ~[spring-boot-1.5.9.RELEASE.jar:1.5.9.RELEASE]
	at org.springframework.boot.SpringApplication.run(SpringApplication.java:1107) ~[spring-boot-1.5.9.RELEASE.jar:1.5.9.RELEASE]
	at com.fizzbuzz.RestFizzbuzzSampleApplication.main(RestFizzbuzzSampleApplication.java:12) ~[classes/:na]
Caused by: org.apache.catalina.LifecycleException: service.getName(): "Tomcat";  Protocol handler start failed
	at org.apache.catalina.connector.Connector.startInternal(Connector.java:1031) ~[tomcat-embed-core-8.5.23.jar:8.5.23]
	at org.apache.catalina.util.LifecycleBase.start(LifecycleBase.java:150) ~[tomcat-embed-core-8.5.23.jar:8.5.23]
	... 13 common frames omitted
Caused by: java.net.BindException: Address already in use: bind
	at java.base/sun.nio.ch.Net.bind0(Native Method) ~[na:na]
	at java.base/sun.nio.ch.Net.bind(Net.java:550) ~[na:na]
	at java.base/sun.nio.ch.ServerSocketChannelImpl.bind(ServerSocketChannelImpl.java:249) ~[na:na]
	at java.base/sun.nio.ch.ServerSocketAdaptor.bind(ServerSocketAdaptor.java:88) ~[na:na]
	at org.apache.tomcat.util.net.NioEndpoint.bind(NioEndpoint.java:210) ~[tomcat-embed-core-8.5.23.jar:8.5.23]
	at org.apache.tomcat.util.net.AbstractEndpoint.start(AbstractEndpoint.java:990) ~[tomcat-embed-core-8.5.23.jar:8.5.23]
	at org.apache.coyote.AbstractProtocol.start(AbstractProtocol.java:635) ~[tomcat-embed-core-8.5.23.jar:8.5.23]
	at org.apache.catalina.connector.Connector.startInternal(Connector.java:1022) ~[tomcat-embed-core-8.5.23.jar:8.5.23]
	... 14 common frames omitted

2021-12-13 20:59:19.955 ERROR 9260 --- [main] o.s.b.d.LoggingFailureAnalysisReporter   : 

***************************
APPLICATION FAILED TO START
***************************

Description:

The Tomcat connector configured to listen on port 8080 failed to start. The port may already be in use or the connector may be misconfigured.

Action:

Verify the connector's configuration, identify and stop any process that's listening on port 8080, or configure this application to listen on another port.

2021-12-13 20:59:58.369 DEBUG 8704 --- [background-preinit] o.h.v.i.e.r.DefaultTraversableResolver   : Cannot find javax.persistence.Persistence on classpath. Assuming non JPA 2 environment. All properties will per default be traversable.
2021-12-13 20:59:59.229 DEBUG 8704 --- [main] o.h.v.i.e.r.DefaultTraversableResolver   : Cannot find javax.persistence.Persistence on classpath. Assuming non JPA 2 environment. All properties will per default be traversable.
2021-12-13 20:59:59.243 DEBUG 8704 --- [main] o.h.v.i.e.r.DefaultTraversableResolver   : Cannot find javax.persistence.Persistence on classpath. Assuming non JPA 2 environment. All properties will per default be traversable.
2021-12-13 20:59:59.246 DEBUG 8704 --- [main] o.h.v.internal.engine.ConfigurationImpl  : Setting custom MessageInterpolator of type org.springframework.validation.beanvalidation.LocaleContextMessageInterpolator
2021-12-13 20:59:59.247 DEBUG 8704 --- [main] o.h.v.internal.engine.ConfigurationImpl  : Setting custom ConstraintValidatorFactory of type org.springframework.validation.beanvalidation.SpringConstraintValidatorFactory
2021-12-13 20:59:59.249 DEBUG 8704 --- [main] o.h.v.internal.engine.ConfigurationImpl  : Setting custom ParameterNameProvider of type com.sun.proxy.$Proxy45
2021-12-13 20:59:59.251 DEBUG 8704 --- [main] o.h.v.internal.xml.ValidationXmlParser   : Trying to load META-INF/validation.xml for XML based Validator configuration.
2021-12-13 20:59:59.252 DEBUG 8704 --- [main] o.h.v.internal.xml.ResourceLoaderHelper  : Trying to load META-INF/validation.xml via user class loader
2021-12-13 20:59:59.253 DEBUG 8704 --- [main] o.h.v.internal.xml.ResourceLoaderHelper  : Trying to load META-INF/validation.xml via TCCL
2021-12-13 20:59:59.253 DEBUG 8704 --- [main] o.h.v.internal.xml.ResourceLoaderHelper  : Trying to load META-INF/validation.xml via Hibernate Validator's class loader
2021-12-13 20:59:59.253 DEBUG 8704 --- [main] o.h.v.internal.xml.ValidationXmlParser   : No META-INF/validation.xml found. Using annotation based configuration only.
2021-12-13 21:00:00.152 DEBUG 8704 --- [main] o.h.v.i.e.r.DefaultTraversableResolver   : Cannot find javax.persistence.Persistence on classpath. Assuming non JPA 2 environment. All properties will per default be traversable.
2021-12-13 21:00:00.160 DEBUG 8704 --- [main] o.h.v.i.e.r.DefaultTraversableResolver   : Cannot find javax.persistence.Persistence on classpath. Assuming non JPA 2 environment. All properties will per default be traversable.
2021-12-13 21:00:00.160 DEBUG 8704 --- [main] o.h.v.internal.engine.ConfigurationImpl  : Setting custom MessageInterpolator of type org.springframework.validation.beanvalidation.LocaleContextMessageInterpolator
2021-12-13 21:00:00.161 DEBUG 8704 --- [main] o.h.v.internal.engine.ConfigurationImpl  : Setting custom ConstraintValidatorFactory of type org.springframework.validation.beanvalidation.SpringConstraintValidatorFactory
2021-12-13 21:00:00.161 DEBUG 8704 --- [main] o.h.v.internal.engine.ConfigurationImpl  : Setting custom ParameterNameProvider of type com.sun.proxy.$Proxy45
2021-12-13 21:00:00.162 DEBUG 8704 --- [main] o.h.v.internal.xml.ValidationXmlParser   : Trying to load META-INF/validation.xml for XML based Validator configuration.
2021-12-13 21:00:00.162 DEBUG 8704 --- [main] o.h.v.internal.xml.ResourceLoaderHelper  : Trying to load META-INF/validation.xml via user class loader
2021-12-13 21:00:00.162 DEBUG 8704 --- [main] o.h.v.internal.xml.ResourceLoaderHelper  : Trying to load META-INF/validation.xml via TCCL
2021-12-13 21:00:00.162 DEBUG 8704 --- [main] o.h.v.internal.xml.ResourceLoaderHelper  : Trying to load META-INF/validation.xml via Hibernate Validator's class loader
2021-12-13 21:00:00.163 DEBUG 8704 --- [main] o.h.v.internal.xml.ValidationXmlParser   : No META-INF/validation.xml found. Using annotation based configuration only.
2021-12-13 21:39:05.188 DEBUG 17632 --- [background-preinit] o.h.v.i.e.r.DefaultTraversableResolver   : Cannot find javax.persistence.Persistence on classpath. Assuming non JPA 2 environment. All properties will per default be traversable.
2021-12-13 21:39:05.713 DEBUG 17632 --- [main] o.h.v.i.e.r.DefaultTraversableResolver   : Cannot find javax.persistence.Persistence on classpath. Assuming non JPA 2 environment. All properties will per default be traversable.
2021-12-13 21:39:05.727 DEBUG 17632 --- [main] o.h.v.i.e.r.DefaultTraversableResolver   : Cannot find javax.persistence.Persistence on classpath. Assuming non JPA 2 environment. All properties will per default be traversable.
2021-12-13 21:39:05.730 DEBUG 17632 --- [main] o.h.v.internal.engine.ConfigurationImpl  : Setting custom MessageInterpolator of type org.springframework.validation.beanvalidation.LocaleContextMessageInterpolator
2021-12-13 21:39:05.731 DEBUG 17632 --- [main] o.h.v.internal.engine.ConfigurationImpl  : Setting custom ConstraintValidatorFactory of type org.springframework.validation.beanvalidation.SpringConstraintValidatorFactory
2021-12-13 21:39:05.732 DEBUG 17632 --- [main] o.h.v.internal.engine.ConfigurationImpl  : Setting custom ParameterNameProvider of type com.sun.proxy.$Proxy45
2021-12-13 21:39:05.735 DEBUG 17632 --- [main] o.h.v.internal.xml.ValidationXmlParser   : Trying to load META-INF/validation.xml for XML based Validator configuration.
2021-12-13 21:39:05.736 DEBUG 17632 --- [main] o.h.v.internal.xml.ResourceLoaderHelper  : Trying to load META-INF/validation.xml via user class loader
2021-12-13 21:39:05.737 DEBUG 17632 --- [main] o.h.v.internal.xml.ResourceLoaderHelper  : Trying to load META-INF/validation.xml via TCCL
2021-12-13 21:39:05.737 DEBUG 17632 --- [main] o.h.v.internal.xml.ResourceLoaderHelper  : Trying to load META-INF/validation.xml via Hibernate Validator's class loader
2021-12-13 21:39:05.737 DEBUG 17632 --- [main] o.h.v.internal.xml.ValidationXmlParser   : No META-INF/validation.xml found. Using annotation based configuration only.
2021-12-13 21:39:06.636 DEBUG 17632 --- [main] o.h.v.i.e.r.DefaultTraversableResolver   : Cannot find javax.persistence.Persistence on classpath. Assuming non JPA 2 environment. All properties will per default be traversable.
2021-12-13 21:39:06.645 DEBUG 17632 --- [main] o.h.v.i.e.r.DefaultTraversableResolver   : Cannot find javax.persistence.Persistence on classpath. Assuming non JPA 2 environment. All properties will per default be traversable.
2021-12-13 21:39:06.645 DEBUG 17632 --- [main] o.h.v.internal.engine.ConfigurationImpl  : Setting custom MessageInterpolator of type org.springframework.validation.beanvalidation.LocaleContextMessageInterpolator
2021-12-13 21:39:06.645 DEBUG 17632 --- [main] o.h.v.internal.engine.ConfigurationImpl  : Setting custom ConstraintValidatorFactory of type org.springframework.validation.beanvalidation.SpringConstraintValidatorFactory
2021-12-13 21:39:06.646 DEBUG 17632 --- [main] o.h.v.internal.engine.ConfigurationImpl  : Setting custom ParameterNameProvider of type com.sun.proxy.$Proxy45
2021-12-13 21:39:06.647 DEBUG 17632 --- [main] o.h.v.internal.xml.ValidationXmlParser   : Trying to load META-INF/validation.xml for XML based Validator configuration.
2021-12-13 21:39:06.647 DEBUG 17632 --- [main] o.h.v.internal.xml.ResourceLoaderHelper  : Trying to load META-INF/validation.xml via user class loader
2021-12-13 21:39:06.647 DEBUG 17632 --- [main] o.h.v.internal.xml.ResourceLoaderHelper  : Trying to load META-INF/validation.xml via TCCL
2021-12-13 21:39:06.647 DEBUG 17632 --- [main] o.h.v.internal.xml.ResourceLoaderHelper  : Trying to load META-INF/validation.xml via Hibernate Validator's class loader
2021-12-13 21:39:06.648 DEBUG 17632 --- [main] o.h.v.internal.xml.ValidationXmlParser   : No META-INF/validation.xml found. Using annotation based configuration only.
2021-12-13 21:43:35.193 DEBUG 9712 --- [background-preinit] o.h.v.i.e.r.DefaultTraversableResolver   : Cannot find javax.persistence.Persistence on classpath. Assuming non JPA 2 environment. All properties will per default be traversable.
2021-12-13 21:43:35.714 DEBUG 9712 --- [main] o.h.v.i.e.r.DefaultTraversableResolver   : Cannot find javax.persistence.Persistence on classpath. Assuming non JPA 2 environment. All properties will per default be traversable.
2021-12-13 21:43:35.724 DEBUG 9712 --- [main] o.h.v.i.e.r.DefaultTraversableResolver   : Cannot find javax.persistence.Persistence on classpath. Assuming non JPA 2 environment. All properties will per default be traversable.
2021-12-13 21:43:35.728 DEBUG 9712 --- [main] o.h.v.internal.engine.ConfigurationImpl  : Setting custom MessageInterpolator of type org.springframework.validation.beanvalidation.LocaleContextMessageInterpolator
2021-12-13 21:43:35.729 DEBUG 9712 --- [main] o.h.v.internal.engine.ConfigurationImpl  : Setting custom ConstraintValidatorFactory of type org.springframework.validation.beanvalidation.SpringConstraintValidatorFactory
2021-12-13 21:43:35.730 DEBUG 9712 --- [main] o.h.v.internal.engine.ConfigurationImpl  : Setting custom ParameterNameProvider of type com.sun.proxy.$Proxy45
2021-12-13 21:43:35.732 DEBUG 9712 --- [main] o.h.v.internal.xml.ValidationXmlParser   : Trying to load META-INF/validation.xml for XML based Validator configuration.
2021-12-13 21:43:35.733 DEBUG 9712 --- [main] o.h.v.internal.xml.ResourceLoaderHelper  : Trying to load META-INF/validation.xml via user class loader
2021-12-13 21:43:35.734 DEBUG 9712 --- [main] o.h.v.internal.xml.ResourceLoaderHelper  : Trying to load META-INF/validation.xml via TCCL
2021-12-13 21:43:35.735 DEBUG 9712 --- [main] o.h.v.internal.xml.ResourceLoaderHelper  : Trying to load META-INF/validation.xml via Hibernate Validator's class loader
2021-12-13 21:43:35.735 DEBUG 9712 --- [main] o.h.v.internal.xml.ValidationXmlParser   : No META-INF/validation.xml found. Using annotation based configuration only.
2021-12-13 21:43:36.531 DEBUG 9712 --- [main] o.h.v.i.e.r.DefaultTraversableResolver   : Cannot find javax.persistence.Persistence on classpath. Assuming non JPA 2 environment. All properties will per default be traversable.
2021-12-13 21:43:36.537 DEBUG 9712 --- [main] o.h.v.i.e.r.DefaultTraversableResolver   : Cannot find javax.persistence.Persistence on classpath. Assuming non JPA 2 environment. All properties will per default be traversable.
2021-12-13 21:43:36.538 DEBUG 9712 --- [main] o.h.v.internal.engine.ConfigurationImpl  : Setting custom MessageInterpolator of type org.springframework.validation.beanvalidation.LocaleContextMessageInterpolator
2021-12-13 21:43:36.538 DEBUG 9712 --- [main] o.h.v.internal.engine.ConfigurationImpl  : Setting custom ConstraintValidatorFactory of type org.springframework.validation.beanvalidation.SpringConstraintValidatorFactory
2021-12-13 21:43:36.539 DEBUG 9712 --- [main] o.h.v.internal.engine.ConfigurationImpl  : Setting custom ParameterNameProvider of type com.sun.proxy.$Proxy45
2021-12-13 21:43:36.540 DEBUG 9712 --- [main] o.h.v.internal.xml.ValidationXmlParser   : Trying to load META-INF/validation.xml for XML based Validator configuration.
2021-12-13 21:43:36.540 DEBUG 9712 --- [main] o.h.v.internal.xml.ResourceLoaderHelper  : Trying to load META-INF/validation.xml via user class loader
2021-12-13 21:43:36.541 DEBUG 9712 --- [main] o.h.v.internal.xml.ResourceLoaderHelper  : Trying to load META-INF/validation.xml via TCCL
2021-12-13 21:43:36.541 DEBUG 9712 --- [main] o.h.v.internal.xml.ResourceLoaderHelper  : Trying to load META-INF/validation.xml via Hibernate Validator's class loader
2021-12-13 21:43:36.541 DEBUG 9712 --- [main] o.h.v.internal.xml.ValidationXmlParser   : No META-INF/validation.xml found. Using annotation based configuration only.
2021-12-13 21:45:21.897 DEBUG 8864 --- [background-preinit] o.h.v.i.e.r.DefaultTraversableResolver   : Cannot find javax.persistence.Persistence on classpath. Assuming non JPA 2 environment. All properties will per default be traversable.
2021-12-13 21:45:22.392 DEBUG 8864 --- [main] o.h.v.i.e.r.DefaultTraversableResolver   : Cannot find javax.persistence.Persistence on classpath. Assuming non JPA 2 environment. All properties will per default be traversable.
2021-12-13 21:45:22.402 DEBUG 8864 --- [main] o.h.v.i.e.r.DefaultTraversableResolver   : Cannot find javax.persistence.Persistence on classpath. Assuming non JPA 2 environment. All properties will per default be traversable.
2021-12-13 21:45:22.407 DEBUG 8864 --- [main] o.h.v.internal.engine.ConfigurationImpl  : Setting custom MessageInterpolator of type org.springframework.validation.beanvalidation.LocaleContextMessageInterpolator
2021-12-13 21:45:22.408 DEBUG 8864 --- [main] o.h.v.internal.engine.ConfigurationImpl  : Setting custom ConstraintValidatorFactory of type org.springframework.validation.beanvalidation.SpringConstraintValidatorFactory
2021-12-13 21:45:22.410 DEBUG 8864 --- [main] o.h.v.internal.engine.ConfigurationImpl  : Setting custom ParameterNameProvider of type com.sun.proxy.$Proxy45
2021-12-13 21:45:22.411 DEBUG 8864 --- [main] o.h.v.internal.xml.ValidationXmlParser   : Trying to load META-INF/validation.xml for XML based Validator configuration.
2021-12-13 21:45:22.412 DEBUG 8864 --- [main] o.h.v.internal.xml.ResourceLoaderHelper  : Trying to load META-INF/validation.xml via user class loader
2021-12-13 21:45:22.414 DEBUG 8864 --- [main] o.h.v.internal.xml.ResourceLoaderHelper  : Trying to load META-INF/validation.xml via TCCL
2021-12-13 21:45:22.414 DEBUG 8864 --- [main] o.h.v.internal.xml.ResourceLoaderHelper  : Trying to load META-INF/validation.xml via Hibernate Validator's class loader
2021-12-13 21:45:22.414 DEBUG 8864 --- [main] o.h.v.internal.xml.ValidationXmlParser   : No META-INF/validation.xml found. Using annotation based configuration only.
2021-12-13 21:45:23.224 DEBUG 8864 --- [main] o.h.v.i.e.r.DefaultTraversableResolver   : Cannot find javax.persistence.Persistence on classpath. Assuming non JPA 2 environment. All properties will per default be traversable.
2021-12-13 21:45:23.231 DEBUG 8864 --- [main] o.h.v.i.e.r.DefaultTraversableResolver   : Cannot find javax.persistence.Persistence on classpath. Assuming non JPA 2 environment. All properties will per default be traversable.
2021-12-13 21:45:23.231 DEBUG 8864 --- [main] o.h.v.internal.engine.ConfigurationImpl  : Setting custom MessageInterpolator of type org.springframework.validation.beanvalidation.LocaleContextMessageInterpolator
2021-12-13 21:45:23.231 DEBUG 8864 --- [main] o.h.v.internal.engine.ConfigurationImpl  : Setting custom ConstraintValidatorFactory of type org.springframework.validation.beanvalidation.SpringConstraintValidatorFactory
2021-12-13 21:45:23.232 DEBUG 8864 --- [main] o.h.v.internal.engine.ConfigurationImpl  : Setting custom ParameterNameProvider of type com.sun.proxy.$Proxy45
2021-12-13 21:45:23.233 DEBUG 8864 --- [main] o.h.v.internal.xml.ValidationXmlParser   : Trying to load META-INF/validation.xml for XML based Validator configuration.
2021-12-13 21:45:23.233 DEBUG 8864 --- [main] o.h.v.internal.xml.ResourceLoaderHelper  : Trying to load META-INF/validation.xml via user class loader
2021-12-13 21:45:23.233 DEBUG 8864 --- [main] o.h.v.internal.xml.ResourceLoaderHelper  : Trying to load META-INF/validation.xml via TCCL
2021-12-13 21:45:23.233 DEBUG 8864 --- [main] o.h.v.internal.xml.ResourceLoaderHelper  : Trying to load META-INF/validation.xml via Hibernate Validator's class loader
2021-12-13 21:45:23.234 DEBUG 8864 --- [main] o.h.v.internal.xml.ValidationXmlParser   : No META-INF/validation.xml found. Using annotation based configuration only.
2021-12-13 21:48:16.304 DEBUG 11836 --- [background-preinit] o.h.v.i.e.r.DefaultTraversableResolver   : Cannot find javax.persistence.Persistence on classpath. Assuming non JPA 2 environment. All properties will per default be traversable.
2021-12-13 21:48:16.833 DEBUG 11836 --- [main] o.h.v.i.e.r.DefaultTraversableResolver   : Cannot find javax.persistence.Persistence on classpath. Assuming non JPA 2 environment. All properties will per default be traversable.
2021-12-13 21:48:16.844 DEBUG 11836 --- [main] o.h.v.i.e.r.DefaultTraversableResolver   : Cannot find javax.persistence.Persistence on classpath. Assuming non JPA 2 environment. All properties will per default be traversable.
2021-12-13 21:48:16.848 DEBUG 11836 --- [main] o.h.v.internal.engine.ConfigurationImpl  : Setting custom MessageInterpolator of type org.springframework.validation.beanvalidation.LocaleContextMessageInterpolator
2021-12-13 21:48:16.849 DEBUG 11836 --- [main] o.h.v.internal.engine.ConfigurationImpl  : Setting custom ConstraintValidatorFactory of type org.springframework.validation.beanvalidation.SpringConstraintValidatorFactory
2021-12-13 21:48:16.851 DEBUG 11836 --- [main] o.h.v.internal.engine.ConfigurationImpl  : Setting custom ParameterNameProvider of type com.sun.proxy.$Proxy45
2021-12-13 21:48:16.854 DEBUG 11836 --- [main] o.h.v.internal.xml.ValidationXmlParser   : Trying to load META-INF/validation.xml for XML based Validator configuration.
2021-12-13 21:48:16.855 DEBUG 11836 --- [main] o.h.v.internal.xml.ResourceLoaderHelper  : Trying to load META-INF/validation.xml via user class loader
2021-12-13 21:48:16.857 DEBUG 11836 --- [main] o.h.v.internal.xml.ResourceLoaderHelper  : Trying to load META-INF/validation.xml via TCCL
2021-12-13 21:48:16.857 DEBUG 11836 --- [main] o.h.v.internal.xml.ResourceLoaderHelper  : Trying to load META-INF/validation.xml via Hibernate Validator's class loader
2021-12-13 21:48:16.858 DEBUG 11836 --- [main] o.h.v.internal.xml.ValidationXmlParser   : No META-INF/validation.xml found. Using annotation based configuration only.
2021-12-13 21:48:17.758 DEBUG 11836 --- [main] o.h.v.i.e.r.DefaultTraversableResolver   : Cannot find javax.persistence.Persistence on classpath. Assuming non JPA 2 environment. All properties will per default be traversable.
2021-12-13 21:48:17.764 DEBUG 11836 --- [main] o.h.v.i.e.r.DefaultTraversableResolver   : Cannot find javax.persistence.Persistence on classpath. Assuming non JPA 2 environment. All properties will per default be traversable.
2021-12-13 21:48:17.764 DEBUG 11836 --- [main] o.h.v.internal.engine.ConfigurationImpl  : Setting custom MessageInterpolator of type org.springframework.validation.beanvalidation.LocaleContextMessageInterpolator
2021-12-13 21:48:17.765 DEBUG 11836 --- [main] o.h.v.internal.engine.ConfigurationImpl  : Setting custom ConstraintValidatorFactory of type org.springframework.validation.beanvalidation.SpringConstraintValidatorFactory
2021-12-13 21:48:17.765 DEBUG 11836 --- [main] o.h.v.internal.engine.ConfigurationImpl  : Setting custom ParameterNameProvider of type com.sun.proxy.$Proxy45
2021-12-13 21:48:17.766 DEBUG 11836 --- [main] o.h.v.internal.xml.ValidationXmlParser   : Trying to load META-INF/validation.xml for XML based Validator configuration.
2021-12-13 21:48:17.766 DEBUG 11836 --- [main] o.h.v.internal.xml.ResourceLoaderHelper  : Trying to load META-INF/validation.xml via user class loader
2021-12-13 21:48:17.766 DEBUG 11836 --- [main] o.h.v.internal.xml.ResourceLoaderHelper  : Trying to load META-INF/validation.xml via TCCL
2021-12-13 21:48:17.766 DEBUG 11836 --- [main] o.h.v.internal.xml.ResourceLoaderHelper  : Trying to load META-INF/validation.xml via Hibernate Validator's class loader
2021-12-13 21:48:17.767 DEBUG 11836 --- [main] o.h.v.internal.xml.ValidationXmlParser   : No META-INF/validation.xml found. Using annotation based configuration only.
2021-12-13 21:49:04.749 DEBUG 6720 --- [background-preinit] o.h.v.i.e.r.DefaultTraversableResolver   : Cannot find javax.persistence.Persistence on classpath. Assuming non JPA 2 environment. All properties will per default be traversable.
2021-12-13 21:49:05.245 DEBUG 6720 --- [main] o.h.v.i.e.r.DefaultTraversableResolver   : Cannot find javax.persistence.Persistence on classpath. Assuming non JPA 2 environment. All properties will per default be traversable.
2021-12-13 21:49:05.256 DEBUG 6720 --- [main] o.h.v.i.e.r.DefaultTraversableResolver   : Cannot find javax.persistence.Persistence on classpath. Assuming non JPA 2 environment. All properties will per default be traversable.
2021-12-13 21:49:05.261 DEBUG 6720 --- [main] o.h.v.internal.engine.ConfigurationImpl  : Setting custom MessageInterpolator of type org.springframework.validation.beanvalidation.LocaleContextMessageInterpolator
2021-12-13 21:49:05.262 DEBUG 6720 --- [main] o.h.v.internal.engine.ConfigurationImpl  : Setting custom ConstraintValidatorFactory of type org.springframework.validation.beanvalidation.SpringConstraintValidatorFactory
2021-12-13 21:49:05.263 DEBUG 6720 --- [main] o.h.v.internal.engine.ConfigurationImpl  : Setting custom ParameterNameProvider of type com.sun.proxy.$Proxy45
2021-12-13 21:49:05.266 DEBUG 6720 --- [main] o.h.v.internal.xml.ValidationXmlParser   : Trying to load META-INF/validation.xml for XML based Validator configuration.
2021-12-13 21:49:05.267 DEBUG 6720 --- [main] o.h.v.internal.xml.ResourceLoaderHelper  : Trying to load META-INF/validation.xml via user class loader
2021-12-13 21:49:05.268 DEBUG 6720 --- [main] o.h.v.internal.xml.ResourceLoaderHelper  : Trying to load META-INF/validation.xml via TCCL
2021-12-13 21:49:05.269 DEBUG 6720 --- [main] o.h.v.internal.xml.ResourceLoaderHelper  : Trying to load META-INF/validation.xml via Hibernate Validator's class loader
2021-12-13 21:49:05.269 DEBUG 6720 --- [main] o.h.v.internal.xml.ValidationXmlParser   : No META-INF/validation.xml found. Using annotation based configuration only.
2021-12-13 21:49:06.055 DEBUG 6720 --- [main] o.h.v.i.e.r.DefaultTraversableResolver   : Cannot find javax.persistence.Persistence on classpath. Assuming non JPA 2 environment. All properties will per default be traversable.
2021-12-13 21:49:06.062 DEBUG 6720 --- [main] o.h.v.i.e.r.DefaultTraversableResolver   : Cannot find javax.persistence.Persistence on classpath. Assuming non JPA 2 environment. All properties will per default be traversable.
2021-12-13 21:49:06.062 DEBUG 6720 --- [main] o.h.v.internal.engine.ConfigurationImpl  : Setting custom MessageInterpolator of type org.springframework.validation.beanvalidation.LocaleContextMessageInterpolator
2021-12-13 21:49:06.062 DEBUG 6720 --- [main] o.h.v.internal.engine.ConfigurationImpl  : Setting custom ConstraintValidatorFactory of type org.springframework.validation.beanvalidation.SpringConstraintValidatorFactory
2021-12-13 21:49:06.063 DEBUG 6720 --- [main] o.h.v.internal.engine.ConfigurationImpl  : Setting custom ParameterNameProvider of type com.sun.proxy.$Proxy45
2021-12-13 21:49:06.063 DEBUG 6720 --- [main] o.h.v.internal.xml.ValidationXmlParser   : Trying to load META-INF/validation.xml for XML based Validator configuration.
2021-12-13 21:49:06.063 DEBUG 6720 --- [main] o.h.v.internal.xml.ResourceLoaderHelper  : Trying to load META-INF/validation.xml via user class loader
2021-12-13 21:49:06.064 DEBUG 6720 --- [main] o.h.v.internal.xml.ResourceLoaderHelper  : Trying to load META-INF/validation.xml via TCCL
2021-12-13 21:49:06.064 DEBUG 6720 --- [main] o.h.v.internal.xml.ResourceLoaderHelper  : Trying to load META-INF/validation.xml via Hibernate Validator's class loader
2021-12-13 21:49:06.064 DEBUG 6720 --- [main] o.h.v.internal.xml.ValidationXmlParser   : No META-INF/validation.xml found. Using annotation based configuration only.
2021-12-13 21:51:43.744 DEBUG 18308 --- [background-preinit] o.h.v.i.e.r.DefaultTraversableResolver   : Cannot find javax.persistence.Persistence on classpath. Assuming non JPA 2 environment. All properties will per default be traversable.
2021-12-13 21:51:44.236 DEBUG 18308 --- [main] o.h.v.i.e.r.DefaultTraversableResolver   : Cannot find javax.persistence.Persistence on classpath. Assuming non JPA 2 environment. All properties will per default be traversable.
2021-12-13 21:51:44.248 DEBUG 18308 --- [main] o.h.v.i.e.r.DefaultTraversableResolver   : Cannot find javax.persistence.Persistence on classpath. Assuming non JPA 2 environment. All properties will per default be traversable.
2021-12-13 21:51:44.252 DEBUG 18308 --- [main] o.h.v.internal.engine.ConfigurationImpl  : Setting custom MessageInterpolator of type org.springframework.validation.beanvalidation.LocaleContextMessageInterpolator
2021-12-13 21:51:44.253 DEBUG 18308 --- [main] o.h.v.internal.engine.ConfigurationImpl  : Setting custom ConstraintValidatorFactory of type org.springframework.validation.beanvalidation.SpringConstraintValidatorFactory
2021-12-13 21:51:44.255 DEBUG 18308 --- [main] o.h.v.internal.engine.ConfigurationImpl  : Setting custom ParameterNameProvider of type com.sun.proxy.$Proxy45
2021-12-13 21:51:44.258 DEBUG 18308 --- [main] o.h.v.internal.xml.ValidationXmlParser   : Trying to load META-INF/validation.xml for XML based Validator configuration.
2021-12-13 21:51:44.260 DEBUG 18308 --- [main] o.h.v.internal.xml.ResourceLoaderHelper  : Trying to load META-INF/validation.xml via user class loader
2021-12-13 21:51:44.261 DEBUG 18308 --- [main] o.h.v.internal.xml.ResourceLoaderHelper  : Trying to load META-INF/validation.xml via TCCL
2021-12-13 21:51:44.261 DEBUG 18308 --- [main] o.h.v.internal.xml.ResourceLoaderHelper  : Trying to load META-INF/validation.xml via Hibernate Validator's class loader
2021-12-13 21:51:44.262 DEBUG 18308 --- [main] o.h.v.internal.xml.ValidationXmlParser   : No META-INF/validation.xml found. Using annotation based configuration only.
2021-12-13 21:51:45.102 DEBUG 18308 --- [main] o.h.v.i.e.r.DefaultTraversableResolver   : Cannot find javax.persistence.Persistence on classpath. Assuming non JPA 2 environment. All properties will per default be traversable.
2021-12-13 21:51:45.109 DEBUG 18308 --- [main] o.h.v.i.e.r.DefaultTraversableResolver   : Cannot find javax.persistence.Persistence on classpath. Assuming non JPA 2 environment. All properties will per default be traversable.
2021-12-13 21:51:45.110 DEBUG 18308 --- [main] o.h.v.internal.engine.ConfigurationImpl  : Setting custom MessageInterpolator of type org.springframework.validation.beanvalidation.LocaleContextMessageInterpolator
2021-12-13 21:51:45.110 DEBUG 18308 --- [main] o.h.v.internal.engine.ConfigurationImpl  : Setting custom ConstraintValidatorFactory of type org.springframework.validation.beanvalidation.SpringConstraintValidatorFactory
2021-12-13 21:51:45.111 DEBUG 18308 --- [main] o.h.v.internal.engine.ConfigurationImpl  : Setting custom ParameterNameProvider of type com.sun.proxy.$Proxy45
2021-12-13 21:51:45.112 DEBUG 18308 --- [main] o.h.v.internal.xml.ValidationXmlParser   : Trying to load META-INF/validation.xml for XML based Validator configuration.
2021-12-13 21:51:45.112 DEBUG 18308 --- [main] o.h.v.internal.xml.ResourceLoaderHelper  : Trying to load META-INF/validation.xml via user class loader
2021-12-13 21:51:45.112 DEBUG 18308 --- [main] o.h.v.internal.xml.ResourceLoaderHelper  : Trying to load META-INF/validation.xml via TCCL
2021-12-13 21:51:45.113 DEBUG 18308 --- [main] o.h.v.internal.xml.ResourceLoaderHelper  : Trying to load META-INF/validation.xml via Hibernate Validator's class loader
2021-12-13 21:51:45.113 DEBUG 18308 --- [main] o.h.v.internal.xml.ValidationXmlParser   : No META-INF/validation.xml found. Using annotation based configuration only.
2021-12-13 22:00:19.278 DEBUG 17800 --- [background-preinit] o.h.v.i.e.r.DefaultTraversableResolver   : Cannot find javax.persistence.Persistence on classpath. Assuming non JPA 2 environment. All properties will per default be traversable.
2021-12-13 22:00:19.746 DEBUG 17800 --- [main] o.h.v.i.e.r.DefaultTraversableResolver   : Cannot find javax.persistence.Persistence on classpath. Assuming non JPA 2 environment. All properties will per default be traversable.
2021-12-13 22:00:19.761 DEBUG 17800 --- [main] o.h.v.i.e.r.DefaultTraversableResolver   : Cannot find javax.persistence.Persistence on classpath. Assuming non JPA 2 environment. All properties will per default be traversable.
2021-12-13 22:00:19.765 DEBUG 17800 --- [main] o.h.v.internal.engine.ConfigurationImpl  : Setting custom MessageInterpolator of type org.springframework.validation.beanvalidation.LocaleContextMessageInterpolator
2021-12-13 22:00:19.765 DEBUG 17800 --- [main] o.h.v.internal.engine.ConfigurationImpl  : Setting custom ConstraintValidatorFactory of type org.springframework.validation.beanvalidation.SpringConstraintValidatorFactory
2021-12-13 22:00:19.767 DEBUG 17800 --- [main] o.h.v.internal.engine.ConfigurationImpl  : Setting custom ParameterNameProvider of type com.sun.proxy.$Proxy45
2021-12-13 22:00:19.768 DEBUG 17800 --- [main] o.h.v.internal.xml.ValidationXmlParser   : Trying to load META-INF/validation.xml for XML based Validator configuration.
2021-12-13 22:00:19.769 DEBUG 17800 --- [main] o.h.v.internal.xml.ResourceLoaderHelper  : Trying to load META-INF/validation.xml via user class loader
2021-12-13 22:00:19.770 DEBUG 17800 --- [main] o.h.v.internal.xml.ResourceLoaderHelper  : Trying to load META-INF/validation.xml via TCCL
2021-12-13 22:00:19.770 DEBUG 17800 --- [main] o.h.v.internal.xml.ResourceLoaderHelper  : Trying to load META-INF/validation.xml via Hibernate Validator's class loader
2021-12-13 22:00:19.771 DEBUG 17800 --- [main] o.h.v.internal.xml.ValidationXmlParser   : No META-INF/validation.xml found. Using annotation based configuration only.
2021-12-13 22:00:20.593 DEBUG 17800 --- [main] o.h.v.i.e.r.DefaultTraversableResolver   : Cannot find javax.persistence.Persistence on classpath. Assuming non JPA 2 environment. All properties will per default be traversable.
2021-12-13 22:00:20.601 DEBUG 17800 --- [main] o.h.v.i.e.r.DefaultTraversableResolver   : Cannot find javax.persistence.Persistence on classpath. Assuming non JPA 2 environment. All properties will per default be traversable.
2021-12-13 22:00:20.602 DEBUG 17800 --- [main] o.h.v.internal.engine.ConfigurationImpl  : Setting custom MessageInterpolator of type org.springframework.validation.beanvalidation.LocaleContextMessageInterpolator
2021-12-13 22:00:20.602 DEBUG 17800 --- [main] o.h.v.internal.engine.ConfigurationImpl  : Setting custom ConstraintValidatorFactory of type org.springframework.validation.beanvalidation.SpringConstraintValidatorFactory
2021-12-13 22:00:20.604 DEBUG 17800 --- [main] o.h.v.internal.engine.ConfigurationImpl  : Setting custom ParameterNameProvider of type com.sun.proxy.$Proxy45
2021-12-13 22:00:20.604 DEBUG 17800 --- [main] o.h.v.internal.xml.ValidationXmlParser   : Trying to load META-INF/validation.xml for XML based Validator configuration.
2021-12-13 22:00:20.605 DEBUG 17800 --- [main] o.h.v.internal.xml.ResourceLoaderHelper  : Trying to load META-INF/validation.xml via user class loader
2021-12-13 22:00:20.606 DEBUG 17800 --- [main] o.h.v.internal.xml.ResourceLoaderHelper  : Trying to load META-INF/validation.xml via TCCL
2021-12-13 22:00:20.606 DEBUG 17800 --- [main] o.h.v.internal.xml.ResourceLoaderHelper  : Trying to load META-INF/validation.xml via Hibernate Validator's class loader
2021-12-13 22:00:20.606 DEBUG 17800 --- [main] o.h.v.internal.xml.ValidationXmlParser   : No META-INF/validation.xml found. Using annotation based configuration only.
2021-12-13 22:01:52.701 DEBUG 11400 --- [background-preinit] o.h.v.i.e.r.DefaultTraversableResolver   : Cannot find javax.persistence.Persistence on classpath. Assuming non JPA 2 environment. All properties will per default be traversable.
2021-12-13 22:01:53.152 DEBUG 11400 --- [main] o.h.v.i.e.r.DefaultTraversableResolver   : Cannot find javax.persistence.Persistence on classpath. Assuming non JPA 2 environment. All properties will per default be traversable.
2021-12-13 22:01:53.160 DEBUG 11400 --- [main] o.h.v.i.e.r.DefaultTraversableResolver   : Cannot find javax.persistence.Persistence on classpath. Assuming non JPA 2 environment. All properties will per default be traversable.
2021-12-13 22:01:53.164 DEBUG 11400 --- [main] o.h.v.internal.engine.ConfigurationImpl  : Setting custom MessageInterpolator of type org.springframework.validation.beanvalidation.LocaleContextMessageInterpolator
2021-12-13 22:01:53.165 DEBUG 11400 --- [main] o.h.v.internal.engine.ConfigurationImpl  : Setting custom ConstraintValidatorFactory of type org.springframework.validation.beanvalidation.SpringConstraintValidatorFactory
2021-12-13 22:01:53.166 DEBUG 11400 --- [main] o.h.v.internal.engine.ConfigurationImpl  : Setting custom ParameterNameProvider of type com.sun.proxy.$Proxy45
2021-12-13 22:01:53.168 DEBUG 11400 --- [main] o.h.v.internal.xml.ValidationXmlParser   : Trying to load META-INF/validation.xml for XML based Validator configuration.
2021-12-13 22:01:53.169 DEBUG 11400 --- [main] o.h.v.internal.xml.ResourceLoaderHelper  : Trying to load META-INF/validation.xml via user class loader
2021-12-13 22:01:53.170 DEBUG 11400 --- [main] o.h.v.internal.xml.ResourceLoaderHelper  : Trying to load META-INF/validation.xml via TCCL
2021-12-13 22:01:53.170 DEBUG 11400 --- [main] o.h.v.internal.xml.ResourceLoaderHelper  : Trying to load META-INF/validation.xml via Hibernate Validator's class loader
2021-12-13 22:01:53.170 DEBUG 11400 --- [main] o.h.v.internal.xml.ValidationXmlParser   : No META-INF/validation.xml found. Using annotation based configuration only.
2021-12-13 22:01:53.902 DEBUG 11400 --- [main] o.h.v.i.e.r.DefaultTraversableResolver   : Cannot find javax.persistence.Persistence on classpath. Assuming non JPA 2 environment. All properties will per default be traversable.
2021-12-13 22:01:53.909 DEBUG 11400 --- [main] o.h.v.i.e.r.DefaultTraversableResolver   : Cannot find javax.persistence.Persistence on classpath. Assuming non JPA 2 environment. All properties will per default be traversable.
2021-12-13 22:01:53.909 DEBUG 11400 --- [main] o.h.v.internal.engine.ConfigurationImpl  : Setting custom MessageInterpolator of type org.springframework.validation.beanvalidation.LocaleContextMessageInterpolator
2021-12-13 22:01:53.909 DEBUG 11400 --- [main] o.h.v.internal.engine.ConfigurationImpl  : Setting custom ConstraintValidatorFactory of type org.springframework.validation.beanvalidation.SpringConstraintValidatorFactory
2021-12-13 22:01:53.910 DEBUG 11400 --- [main] o.h.v.internal.engine.ConfigurationImpl  : Setting custom ParameterNameProvider of type com.sun.proxy.$Proxy45
2021-12-13 22:01:53.910 DEBUG 11400 --- [main] o.h.v.internal.xml.ValidationXmlParser   : Trying to load META-INF/validation.xml for XML based Validator configuration.
2021-12-13 22:01:53.911 DEBUG 11400 --- [main] o.h.v.internal.xml.ResourceLoaderHelper  : Trying to load META-INF/validation.xml via user class loader
2021-12-13 22:01:53.911 DEBUG 11400 --- [main] o.h.v.internal.xml.ResourceLoaderHelper  : Trying to load META-INF/validation.xml via TCCL
2021-12-13 22:01:53.911 DEBUG 11400 --- [main] o.h.v.internal.xml.ResourceLoaderHelper  : Trying to load META-INF/validation.xml via Hibernate Validator's class loader
2021-12-13 22:01:53.912 DEBUG 11400 --- [main] o.h.v.internal.xml.ValidationXmlParser   : No META-INF/validation.xml found. Using annotation based configuration only.
2021-12-13 22:02:58.048 DEBUG 10284 --- [background-preinit] o.h.v.i.e.r.DefaultTraversableResolver   : Cannot find javax.persistence.Persistence on classpath. Assuming non JPA 2 environment. All properties will per default be traversable.
2021-12-13 22:02:58.560 DEBUG 10284 --- [main] o.h.v.i.e.r.DefaultTraversableResolver   : Cannot find javax.persistence.Persistence on classpath. Assuming non JPA 2 environment. All properties will per default be traversable.
2021-12-13 22:02:58.571 DEBUG 10284 --- [main] o.h.v.i.e.r.DefaultTraversableResolver   : Cannot find javax.persistence.Persistence on classpath. Assuming non JPA 2 environment. All properties will per default be traversable.
2021-12-13 22:02:58.575 DEBUG 10284 --- [main] o.h.v.internal.engine.ConfigurationImpl  : Setting custom MessageInterpolator of type org.springframework.validation.beanvalidation.LocaleContextMessageInterpolator
2021-12-13 22:02:58.576 DEBUG 10284 --- [main] o.h.v.internal.engine.ConfigurationImpl  : Setting custom ConstraintValidatorFactory of type org.springframework.validation.beanvalidation.SpringConstraintValidatorFactory
2021-12-13 22:02:58.578 DEBUG 10284 --- [main] o.h.v.internal.engine.ConfigurationImpl  : Setting custom ParameterNameProvider of type com.sun.proxy.$Proxy45
2021-12-13 22:02:58.579 DEBUG 10284 --- [main] o.h.v.internal.xml.ValidationXmlParser   : Trying to load META-INF/validation.xml for XML based Validator configuration.
2021-12-13 22:02:58.580 DEBUG 10284 --- [main] o.h.v.internal.xml.ResourceLoaderHelper  : Trying to load META-INF/validation.xml via user class loader
2021-12-13 22:02:58.581 DEBUG 10284 --- [main] o.h.v.internal.xml.ResourceLoaderHelper  : Trying to load META-INF/validation.xml via TCCL
2021-12-13 22:02:58.581 DEBUG 10284 --- [main] o.h.v.internal.xml.ResourceLoaderHelper  : Trying to load META-INF/validation.xml via Hibernate Validator's class loader
2021-12-13 22:02:58.581 DEBUG 10284 --- [main] o.h.v.internal.xml.ValidationXmlParser   : No META-INF/validation.xml found. Using annotation based configuration only.
2021-12-13 22:02:59.399 DEBUG 10284 --- [main] o.h.v.i.e.r.DefaultTraversableResolver   : Cannot find javax.persistence.Persistence on classpath. Assuming non JPA 2 environment. All properties will per default be traversable.
2021-12-13 22:02:59.406 DEBUG 10284 --- [main] o.h.v.i.e.r.DefaultTraversableResolver   : Cannot find javax.persistence.Persistence on classpath. Assuming non JPA 2 environment. All properties will per default be traversable.
2021-12-13 22:02:59.441 DEBUG 10284 --- [main] o.h.v.internal.engine.ConfigurationImpl  : Setting custom MessageInterpolator of type org.springframework.validation.beanvalidation.LocaleContextMessageInterpolator
2021-12-13 22:02:59.442 DEBUG 10284 --- [main] o.h.v.internal.engine.ConfigurationImpl  : Setting custom ConstraintValidatorFactory of type org.springframework.validation.beanvalidation.SpringConstraintValidatorFactory
2021-12-13 22:02:59.442 DEBUG 10284 --- [main] o.h.v.internal.engine.ConfigurationImpl  : Setting custom ParameterNameProvider of type com.sun.proxy.$Proxy45
2021-12-13 22:02:59.443 DEBUG 10284 --- [main] o.h.v.internal.xml.ValidationXmlParser   : Trying to load META-INF/validation.xml for XML based Validator configuration.
2021-12-13 22:02:59.443 DEBUG 10284 --- [main] o.h.v.internal.xml.ResourceLoaderHelper  : Trying to load META-INF/validation.xml via user class loader
2021-12-13 22:02:59.444 DEBUG 10284 --- [main] o.h.v.internal.xml.ResourceLoaderHelper  : Trying to load META-INF/validation.xml via TCCL
2021-12-13 22:02:59.444 DEBUG 10284 --- [main] o.h.v.internal.xml.ResourceLoaderHelper  : Trying to load META-INF/validation.xml via Hibernate Validator's class loader
2021-12-13 22:02:59.444 DEBUG 10284 --- [main] o.h.v.internal.xml.ValidationXmlParser   : No META-INF/validation.xml found. Using annotation based configuration only.
2021-12-13 23:40:19.781 DEBUG 20324 --- [background-preinit] o.h.v.i.e.r.DefaultTraversableResolver   : Cannot find javax.persistence.Persistence on classpath. Assuming non JPA 2 environment. All properties will per default be traversable.
2021-12-13 23:40:20.285 DEBUG 20324 --- [main] o.h.v.i.e.r.DefaultTraversableResolver   : Cannot find javax.persistence.Persistence on classpath. Assuming non JPA 2 environment. All properties will per default be traversable.
2021-12-13 23:40:20.296 DEBUG 20324 --- [main] o.h.v.i.e.r.DefaultTraversableResolver   : Cannot find javax.persistence.Persistence on classpath. Assuming non JPA 2 environment. All properties will per default be traversable.
2021-12-13 23:40:20.300 DEBUG 20324 --- [main] o.h.v.internal.engine.ConfigurationImpl  : Setting custom MessageInterpolator of type org.springframework.validation.beanvalidation.LocaleContextMessageInterpolator
2021-12-13 23:40:20.301 DEBUG 20324 --- [main] o.h.v.internal.engine.ConfigurationImpl  : Setting custom ConstraintValidatorFactory of type org.springframework.validation.beanvalidation.SpringConstraintValidatorFactory
2021-12-13 23:40:20.302 DEBUG 20324 --- [main] o.h.v.internal.engine.ConfigurationImpl  : Setting custom ParameterNameProvider of type com.sun.proxy.$Proxy45
2021-12-13 23:40:20.304 DEBUG 20324 --- [main] o.h.v.internal.xml.ValidationXmlParser   : Trying to load META-INF/validation.xml for XML based Validator configuration.
2021-12-13 23:40:20.305 DEBUG 20324 --- [main] o.h.v.internal.xml.ResourceLoaderHelper  : Trying to load META-INF/validation.xml via user class loader
2021-12-13 23:40:20.307 DEBUG 20324 --- [main] o.h.v.internal.xml.ResourceLoaderHelper  : Trying to load META-INF/validation.xml via TCCL
2021-12-13 23:40:20.307 DEBUG 20324 --- [main] o.h.v.internal.xml.ResourceLoaderHelper  : Trying to load META-INF/validation.xml via Hibernate Validator's class loader
2021-12-13 23:40:20.307 DEBUG 20324 --- [main] o.h.v.internal.xml.ValidationXmlParser   : No META-INF/validation.xml found. Using annotation based configuration only.
2021-12-13 23:40:21.172 DEBUG 20324 --- [main] o.h.v.i.e.r.DefaultTraversableResolver   : Cannot find javax.persistence.Persistence on classpath. Assuming non JPA 2 environment. All properties will per default be traversable.
2021-12-13 23:40:21.180 DEBUG 20324 --- [main] o.h.v.i.e.r.DefaultTraversableResolver   : Cannot find javax.persistence.Persistence on classpath. Assuming non JPA 2 environment. All properties will per default be traversable.
2021-12-13 23:40:21.181 DEBUG 20324 --- [main] o.h.v.internal.engine.ConfigurationImpl  : Setting custom MessageInterpolator of type org.springframework.validation.beanvalidation.LocaleContextMessageInterpolator
2021-12-13 23:40:21.181 DEBUG 20324 --- [main] o.h.v.internal.engine.ConfigurationImpl  : Setting custom ConstraintValidatorFactory of type org.springframework.validation.beanvalidation.SpringConstraintValidatorFactory
2021-12-13 23:40:21.182 DEBUG 20324 --- [main] o.h.v.internal.engine.ConfigurationImpl  : Setting custom ParameterNameProvider of type com.sun.proxy.$Proxy45
2021-12-13 23:40:21.183 DEBUG 20324 --- [main] o.h.v.internal.xml.ValidationXmlParser   : Trying to load META-INF/validation.xml for XML based Validator configuration.
2021-12-13 23:40:21.183 DEBUG 20324 --- [main] o.h.v.internal.xml.ResourceLoaderHelper  : Trying to load META-INF/validation.xml via user class loader
2021-12-13 23:40:21.183 DEBUG 20324 --- [main] o.h.v.internal.xml.ResourceLoaderHelper  : Trying to load META-INF/validation.xml via TCCL
2021-12-13 23:40:21.183 DEBUG 20324 --- [main] o.h.v.internal.xml.ResourceLoaderHelper  : Trying to load META-INF/validation.xml via Hibernate Validator's class loader
2021-12-13 23:40:21.184 DEBUG 20324 --- [main] o.h.v.internal.xml.ValidationXmlParser   : No META-INF/validation.xml found. Using annotation based configuration only.
2021-12-14 07:33:54.621 DEBUG 17880 --- [background-preinit] o.h.v.i.e.r.DefaultTraversableResolver   : Cannot find javax.persistence.Persistence on classpath. Assuming non JPA 2 environment. All properties will per default be traversable.
2021-12-14 07:33:55.091 DEBUG 17880 --- [main] o.h.v.i.e.r.DefaultTraversableResolver   : Cannot find javax.persistence.Persistence on classpath. Assuming non JPA 2 environment. All properties will per default be traversable.
2021-12-14 07:33:55.106 DEBUG 17880 --- [main] o.h.v.i.e.r.DefaultTraversableResolver   : Cannot find javax.persistence.Persistence on classpath. Assuming non JPA 2 environment. All properties will per default be traversable.
2021-12-14 07:33:55.110 DEBUG 17880 --- [main] o.h.v.internal.engine.ConfigurationImpl  : Setting custom MessageInterpolator of type org.springframework.validation.beanvalidation.LocaleContextMessageInterpolator
2021-12-14 07:33:55.111 DEBUG 17880 --- [main] o.h.v.internal.engine.ConfigurationImpl  : Setting custom ConstraintValidatorFactory of type org.springframework.validation.beanvalidation.SpringConstraintValidatorFactory
2021-12-14 07:33:55.113 DEBUG 17880 --- [main] o.h.v.internal.engine.ConfigurationImpl  : Setting custom ParameterNameProvider of type com.sun.proxy.$Proxy45
2021-12-14 07:33:55.115 DEBUG 17880 --- [main] o.h.v.internal.xml.ValidationXmlParser   : Trying to load META-INF/validation.xml for XML based Validator configuration.
2021-12-14 07:33:55.116 DEBUG 17880 --- [main] o.h.v.internal.xml.ResourceLoaderHelper  : Trying to load META-INF/validation.xml via user class loader
2021-12-14 07:33:55.118 DEBUG 17880 --- [main] o.h.v.internal.xml.ResourceLoaderHelper  : Trying to load META-INF/validation.xml via TCCL
2021-12-14 07:33:55.118 DEBUG 17880 --- [main] o.h.v.internal.xml.ResourceLoaderHelper  : Trying to load META-INF/validation.xml via Hibernate Validator's class loader
2021-12-14 07:33:55.118 DEBUG 17880 --- [main] o.h.v.internal.xml.ValidationXmlParser   : No META-INF/validation.xml found. Using annotation based configuration only.
2021-12-14 07:33:55.944 DEBUG 17880 --- [main] o.h.v.i.e.r.DefaultTraversableResolver   : Cannot find javax.persistence.Persistence on classpath. Assuming non JPA 2 environment. All properties will per default be traversable.
2021-12-14 07:33:55.952 DEBUG 17880 --- [main] o.h.v.i.e.r.DefaultTraversableResolver   : Cannot find javax.persistence.Persistence on classpath. Assuming non JPA 2 environment. All properties will per default be traversable.
2021-12-14 07:33:55.952 DEBUG 17880 --- [main] o.h.v.internal.engine.ConfigurationImpl  : Setting custom MessageInterpolator of type org.springframework.validation.beanvalidation.LocaleContextMessageInterpolator
2021-12-14 07:33:55.953 DEBUG 17880 --- [main] o.h.v.internal.engine.ConfigurationImpl  : Setting custom ConstraintValidatorFactory of type org.springframework.validation.beanvalidation.SpringConstraintValidatorFactory
2021-12-14 07:33:55.953 DEBUG 17880 --- [main] o.h.v.internal.engine.ConfigurationImpl  : Setting custom ParameterNameProvider of type com.sun.proxy.$Proxy45
2021-12-14 07:33:55.954 DEBUG 17880 --- [main] o.h.v.internal.xml.ValidationXmlParser   : Trying to load META-INF/validation.xml for XML based Validator configuration.
2021-12-14 07:33:55.955 DEBUG 17880 --- [main] o.h.v.internal.xml.ResourceLoaderHelper  : Trying to load META-INF/validation.xml via user class loader
2021-12-14 07:33:55.955 DEBUG 17880 --- [main] o.h.v.internal.xml.ResourceLoaderHelper  : Trying to load META-INF/validation.xml via TCCL
2021-12-14 07:33:55.955 DEBUG 17880 --- [main] o.h.v.internal.xml.ResourceLoaderHelper  : Trying to load META-INF/validation.xml via Hibernate Validator's class loader
2021-12-14 07:33:55.956 DEBUG 17880 --- [main] o.h.v.internal.xml.ValidationXmlParser   : No META-INF/validation.xml found. Using annotation based configuration only.
2021-12-14 10:48:12.167 DEBUG 19284 --- [background-preinit] o.h.v.i.e.r.DefaultTraversableResolver   : Cannot find javax.persistence.Persistence on classpath. Assuming non JPA 2 environment. All properties will per default be traversable.
2021-12-14 10:48:12.616 DEBUG 19284 --- [main] o.h.v.i.e.r.DefaultTraversableResolver   : Cannot find javax.persistence.Persistence on classpath. Assuming non JPA 2 environment. All properties will per default be traversable.
2021-12-14 10:48:12.646 DEBUG 19284 --- [main] o.h.v.i.e.r.DefaultTraversableResolver   : Cannot find javax.persistence.Persistence on classpath. Assuming non JPA 2 environment. All properties will per default be traversable.
2021-12-14 10:48:12.651 DEBUG 19284 --- [main] o.h.v.internal.engine.ConfigurationImpl  : Setting custom MessageInterpolator of type org.springframework.validation.beanvalidation.LocaleContextMessageInterpolator
2021-12-14 10:48:12.652 DEBUG 19284 --- [main] o.h.v.internal.engine.ConfigurationImpl  : Setting custom ConstraintValidatorFactory of type org.springframework.validation.beanvalidation.SpringConstraintValidatorFactory
2021-12-14 10:48:12.654 DEBUG 19284 --- [main] o.h.v.internal.engine.ConfigurationImpl  : Setting custom ParameterNameProvider of type com.sun.proxy.$Proxy77
2021-12-14 10:48:12.658 DEBUG 19284 --- [main] o.h.v.internal.xml.ValidationXmlParser   : Trying to load META-INF/validation.xml for XML based Validator configuration.
2021-12-14 10:48:12.660 DEBUG 19284 --- [main] o.h.v.internal.xml.ResourceLoaderHelper  : Trying to load META-INF/validation.xml via user class loader
2021-12-14 10:48:12.662 DEBUG 19284 --- [main] o.h.v.internal.xml.ResourceLoaderHelper  : Trying to load META-INF/validation.xml via TCCL
2021-12-14 10:48:12.662 DEBUG 19284 --- [main] o.h.v.internal.xml.ResourceLoaderHelper  : Trying to load META-INF/validation.xml via Hibernate Validator's class loader
2021-12-14 10:48:12.663 DEBUG 19284 --- [main] o.h.v.internal.xml.ValidationXmlParser   : No META-INF/validation.xml found. Using annotation based configuration only.
2021-12-14 10:48:12.768 DEBUG 19284 --- [main] o.h.v.i.e.r.DefaultTraversableResolver   : Cannot find javax.persistence.Persistence on classpath. Assuming non JPA 2 environment. All properties will per default be traversable.
2021-12-14 10:48:12.770 DEBUG 19284 --- [main] o.h.v.i.e.r.DefaultTraversableResolver   : Cannot find javax.persistence.Persistence on classpath. Assuming non JPA 2 environment. All properties will per default be traversable.
2021-12-14 10:48:12.770 DEBUG 19284 --- [main] o.h.v.internal.engine.ConfigurationImpl  : Setting custom MessageInterpolator of type org.springframework.validation.beanvalidation.LocaleContextMessageInterpolator
2021-12-14 10:48:12.770 DEBUG 19284 --- [main] o.h.v.internal.engine.ConfigurationImpl  : Setting custom ConstraintValidatorFactory of type org.springframework.validation.beanvalidation.SpringConstraintValidatorFactory
2021-12-14 10:48:12.771 DEBUG 19284 --- [main] o.h.v.internal.engine.ConfigurationImpl  : Setting custom ParameterNameProvider of type com.sun.proxy.$Proxy77
2021-12-14 10:48:12.772 DEBUG 19284 --- [main] o.h.v.internal.xml.ValidationXmlParser   : Trying to load META-INF/validation.xml for XML based Validator configuration.
2021-12-14 10:48:12.772 DEBUG 19284 --- [main] o.h.v.internal.xml.ResourceLoaderHelper  : Trying to load META-INF/validation.xml via user class loader
2021-12-14 10:48:12.772 DEBUG 19284 --- [main] o.h.v.internal.xml.ResourceLoaderHelper  : Trying to load META-INF/validation.xml via TCCL
2021-12-14 10:48:12.773 DEBUG 19284 --- [main] o.h.v.internal.xml.ResourceLoaderHelper  : Trying to load META-INF/validation.xml via Hibernate Validator's class loader
2021-12-14 10:48:12.773 DEBUG 19284 --- [main] o.h.v.internal.xml.ValidationXmlParser   : No META-INF/validation.xml found. Using annotation based configuration only.
